This is pdfTeX, Version 3.14159265-2.6-1.40.20 (TeX Live 2019) (preloaded format=pdflatex 2020.3.5)  17 JUN 2020 17:47
entering extended mode
 restricted \write18 enabled.
 file:line:error style messages enabled.
 %&-line parsing enabled.
**tesi.tex
(./tesi.tex
LaTeX2e <2018-12-01>
(/usr/local/texlive/2019/texmf-dist/tex/latex/base/book.cls
Document Class: book 2018/09/03 v1.4i Standard LaTeX document class
(/usr/local/texlive/2019/texmf-dist/tex/latex/base/bk12.clo
File: bk12.clo 2018/09/03 v1.4i Standard LaTeX file (size option)
)
\c@part=\count80
\c@chapter=\count81
\c@section=\count82
\c@subsection=\count83
\c@subsubsection=\count84
\c@paragraph=\count85
\c@subparagraph=\count86
\c@figure=\count87
\c@table=\count88
\abovecaptionskip=\skip41
\belowcaptionskip=\skip42
\bibindent=\dimen102
)
(/usr/local/texlive/2019/texmf-dist/tex/latex/base/inputenc.sty
Package: inputenc 2018/08/11 v1.3c Input encoding file
\inpenc@prehook=\toks14
\inpenc@posthook=\toks15
)
(/usr/local/texlive/2019/texmf-dist/tex/generic/babel/babel.sty
Package: babel 2019/05/04 3.31 The Babel package

(/usr/local/texlive/2019/texmf-dist/tex/generic/babel/switch.def
File: switch.def 2019/05/04 3.31 Babel switching mechanism
)
(/usr/local/texlive/2019/texmf-dist/tex/generic/babel-english/english.ldf
Language: english 2017/06/06 v3.3r English support from the babel system

(/usr/local/texlive/2019/texmf-dist/tex/generic/babel/babel.def
File: babel.def 2019/05/04 3.31 Babel common definitions
\babel@savecnt=\count89
\U@D=\dimen103

(/usr/local/texlive/2019/texmf-dist/tex/generic/babel/txtbabel.def)
\bbl@dirlevel=\count90
)
\l@canadian = a dialect from \language\l@american 
\l@australian = a dialect from \language\l@british 
\l@newzealand = a dialect from \language\l@british 
)
(/usr/local/texlive/2019/texmf-dist/tex/generic/babel-italian/italian.ldf
Language: italian 2019/01/05 v.1.4.01 Italian support for the babel system
\it@lettering=\count91
\it@doublequoteactive=\count92
\it@ISOcompliance=\count93
))
(/usr/local/texlive/2019/texmf-dist/tex/latex/etoolbox/etoolbox.sty
Package: etoolbox 2018/08/19 v2.5f e-TeX tools for LaTeX (JAW)
\etb@tempcnta=\count94
)
(./uniudtesi.sty
Package: uniudtesi 2018/08/31 Redefines maketitle for University of Udine Thesi
s, and sets a binding offset of 1cm; written by Gianluca Gorni
 (/usr/local/texlive/2019/texmf-dist/tex/latex/base/ifthen.sty
Package: ifthen 2014/09/29 v1.1c Standard LaTeX ifthen package (DPC)
) (/usr/local/texlive/2019/texmf-dist/tex/latex/graphics/graphicx.sty
Package: graphicx 2017/06/01 v1.1a Enhanced LaTeX Graphics (DPC,SPQR)

(/usr/local/texlive/2019/texmf-dist/tex/latex/graphics/keyval.sty
Package: keyval 2014/10/28 v1.15 key=value parser (DPC)
\KV@toks@=\toks16
)
(/usr/local/texlive/2019/texmf-dist/tex/latex/graphics/graphics.sty
Package: graphics 2017/06/25 v1.2c Standard LaTeX Graphics (DPC,SPQR)

(/usr/local/texlive/2019/texmf-dist/tex/latex/graphics/trig.sty
Package: trig 2016/01/03 v1.10 sin cos tan (DPC)
)
(/usr/local/texlive/2019/texmf-dist/tex/latex/graphics-cfg/graphics.cfg
File: graphics.cfg 2016/06/04 v1.11 sample graphics configuration
)
Package graphics Info: Driver file: pdftex.def on input line 99.

(/usr/local/texlive/2019/texmf-dist/tex/latex/graphics-def/pdftex.def
File: pdftex.def 2018/01/08 v1.0l Graphics/color driver for pdftex
))
\Gin@req@height=\dimen104
\Gin@req@width=\dimen105
)
(/usr/local/texlive/2019/texmf-dist/tex/latex/pdfx/pdfx.sty
Package: pdfx 2019/02/27 v1.6.3 PDF/X and PDF/A support (CVR/HTH/RRM/PS)
\pdfx@minorversion=\count95

(/usr/local/texlive/2019/texmf-dist/tex/generic/iftex/iftex.sty
Package: iftex 2013/04/04 v0.2 Provides if(tex) conditional for PDFTeX, XeTeX, 
and LuaTeX
)
(/usr/local/texlive/2019/texmf-dist/tex/generic/oberdiek/ifpdf.sty
Package: ifpdf 2018/09/07 v3.3 Provides the ifpdf switch
)
(/usr/local/texlive/2019/texmf-dist/tex/generic/ifxetex/ifxetex.sty
Package: ifxetex 2010/09/12 v0.6 Provides ifxetex conditional
)
(/usr/local/texlive/2019/texmf-dist/tex/latex/ms/everyshi.sty
Package: everyshi 2001/05/15 v3.00 EveryShipout Package (MS)
)
(/usr/local/texlive/2019/texmf-dist/tex/generic/oberdiek/ifluatex.sty
Package: ifluatex 2016/05/16 v1.4 Provides the ifluatex switch (HO)
Package ifluatex Info: LuaTeX not detected.
){/usr/local/texlive/2019/texmf-var/fonts/map/pdftex/updmap/pdftex.map}
(/usr/local/texlive/2019/texmf-dist/tex/latex/pdfx/l8u-penc.def
File: l8u-penc.def 2017/06/23 v0.8 Custom LaTeX file, for UTF8 encoded letters 
and symbols
LaTeX Info: Composite with undeclared \b in encoding L8U on input line 278.
)
\pdfxsafeforxmp@toks=\toks17

(/usr/local/texlive/2019/texmf-dist/tex/latex/xcolor/xcolor.sty
Package: xcolor 2016/05/11 v2.12 LaTeX color extensions (UK)

(/usr/local/texlive/2019/texmf-dist/tex/latex/graphics-cfg/color.cfg
File: color.cfg 2016/01/02 v1.6 sample color configuration
)
Package xcolor Info: Driver file: pdftex.def on input line 225.
Package xcolor Info: Model `cmy' substituted by `cmy0' on input line 1348.
Package xcolor Info: Model `hsb' substituted by `rgb' on input line 1352.
Package xcolor Info: Model `RGB' extended on input line 1364.
Package xcolor Info: Model `HTML' substituted by `rgb' on input line 1366.
Package xcolor Info: Model `Hsb' substituted by `hsb' on input line 1367.
Package xcolor Info: Model `tHsb' substituted by `hsb' on input line 1368.
Package xcolor Info: Model `HSB' substituted by `hsb' on input line 1369.
Package xcolor Info: Model `Gray' substituted by `gray' on input line 1370.
Package xcolor Info: Model `wave' substituted by `hsb' on input line 1371.
)
\pdfx@tmptoks=\toks18

(/usr/local/texlive/2019/texmf-dist/tex/latex/hyperref/hyperref.sty
Package: hyperref 2018/11/30 v6.88e Hypertext links for LaTeX

(/usr/local/texlive/2019/texmf-dist/tex/generic/oberdiek/hobsub-hyperref.sty
Package: hobsub-hyperref 2016/05/16 v1.14 Bundle oberdiek, subset hyperref (HO)


(/usr/local/texlive/2019/texmf-dist/tex/generic/oberdiek/hobsub-generic.sty
Package: hobsub-generic 2016/05/16 v1.14 Bundle oberdiek, subset generic (HO)
Package: hobsub 2016/05/16 v1.14 Construct package bundles (HO)
Package: infwarerr 2016/05/16 v1.4 Providing info/warning/error messages (HO)
Package: ltxcmds 2016/05/16 v1.23 LaTeX kernel commands for general use (HO)
Package hobsub Info: Skipping package `ifluatex' (already loaded).
Package: ifvtex 2016/05/16 v1.6 Detect VTeX and its facilities (HO)
Package ifvtex Info: VTeX not detected.
Package: intcalc 2016/05/16 v1.2 Expandable calculations with integers (HO)
Package hobsub Info: Skipping package `ifpdf' (already loaded).
Package: etexcmds 2016/05/16 v1.6 Avoid name clashes with e-TeX commands (HO)
Package: kvsetkeys 2016/05/16 v1.17 Key value parser (HO)
Package: kvdefinekeys 2016/05/16 v1.4 Define keys (HO)
Package: pdftexcmds 2018/09/10 v0.29 Utility functions of pdfTeX for LuaTeX (HO
)
Package pdftexcmds Info: LuaTeX not detected.
Package pdftexcmds Info: \pdf@primitive is available.
Package pdftexcmds Info: \pdf@ifprimitive is available.
Package pdftexcmds Info: \pdfdraftmode found.
Package: pdfescape 2016/05/16 v1.14 Implements pdfTeX's escape features (HO)
Package: bigintcalc 2016/05/16 v1.4 Expandable calculations on big integers (HO
)
Package: bitset 2016/05/16 v1.2 Handle bit-vector datatype (HO)
Package: uniquecounter 2016/05/16 v1.3 Provide unlimited unique counter (HO)
)
Package hobsub Info: Skipping package `hobsub' (already loaded).
Package: letltxmacro 2016/05/16 v1.5 Let assignment for LaTeX macros (HO)
Package: hopatch 2016/05/16 v1.3 Wrapper for package hooks (HO)
Package: xcolor-patch 2016/05/16 xcolor patch
Package: atveryend 2016/05/16 v1.9 Hooks at the very end of document (HO)
Package: atbegshi 2016/06/09 v1.18 At begin shipout hook (HO)
Package: refcount 2016/05/16 v3.5 Data extraction from label references (HO)
Package: hycolor 2016/05/16 v1.8 Color options for hyperref/bookmark (HO)
)
(/usr/local/texlive/2019/texmf-dist/tex/latex/oberdiek/auxhook.sty
Package: auxhook 2016/05/16 v1.4 Hooks for auxiliary files (HO)
)
(/usr/local/texlive/2019/texmf-dist/tex/latex/oberdiek/kvoptions.sty
Package: kvoptions 2016/05/16 v3.12 Key value format for package options (HO)
)
\@linkdim=\dimen106
\Hy@linkcounter=\count96
\Hy@pagecounter=\count97

(/usr/local/texlive/2019/texmf-dist/tex/latex/hyperref/pd1enc.def
File: pd1enc.def 2018/11/30 v6.88e Hyperref: PDFDocEncoding definition (HO)
)
\Hy@SavedSpaceFactor=\count98

(/usr/local/texlive/2019/texmf-dist/tex/latex/latexconfig/hyperref.cfg
File: hyperref.cfg 2002/06/06 v1.2 hyperref configuration of TeXLive
)
Package hyperref Info: Option `pdfa' set `true' on input line 4393.
Package hyperref Info: Hyper figures OFF on input line 4519.
Package hyperref Info: Link nesting OFF on input line 4524.
Package hyperref Info: Hyper index ON on input line 4527.
Package hyperref Info: Plain pages OFF on input line 4534.
Package hyperref Info: Backreferencing OFF on input line 4539.
Package hyperref Info: Implicit mode ON; LaTeX internals redefined.
Package hyperref Info: Bookmarks ON on input line 4772.
\c@Hy@tempcnt=\count99

(/usr/local/texlive/2019/texmf-dist/tex/latex/url/url.sty
\Urlmuskip=\muskip10
Package: url 2013/09/16  ver 3.4  Verb mode for urls, etc.
)
LaTeX Info: Redefining \url on input line 5125.
\XeTeXLinkMargin=\dimen107
\Fld@menulength=\count100
\Field@Width=\dimen108
\Fld@charsize=\dimen109
Package hyperref Info: Hyper figures OFF on input line 6380.
Package hyperref Info: Link nesting OFF on input line 6385.
Package hyperref Info: Hyper index ON on input line 6388.
Package hyperref Info: backreferencing OFF on input line 6395.
Package hyperref Info: Link coloring OFF on input line 6400.
Package hyperref Info: Link coloring with OCG OFF on input line 6405.
Package hyperref Info: PDF/A mode ON on input line 6408.
LaTeX Info: Redefining \ref on input line 6450.
LaTeX Info: Redefining \pageref on input line 6454.
\Hy@abspage=\count101
\c@Item=\count102
\c@Hfootnote=\count103
)
Package hyperref Info: Driver: hpdftex.

(/usr/local/texlive/2019/texmf-dist/tex/latex/hyperref/hpdftex.def
File: hpdftex.def 2018/11/30 v6.88e Hyperref driver for pdfTeX
\Fld@listcount=\count104
\c@bookmark@seq@number=\count105

(/usr/local/texlive/2019/texmf-dist/tex/latex/oberdiek/rerunfilecheck.sty
Package: rerunfilecheck 2016/05/16 v1.8 Rerun checks for auxiliary files (HO)
Package uniquecounter Info: New unique counter `rerunfilecheck' on input line 2
82.
)
\Hy@SectionHShift=\skip43
)
Package hyperref Info: Option `unicode' set `true' on input line 1463.

(/usr/local/texlive/2019/texmf-dist/tex/latex/hyperref/puenc.def
File: puenc.def 2018/11/30 v6.88e Hyperref: PDF Unicode definition (HO)
)
(/usr/local/texlive/2019/texmf-dist/tex/generic/oberdiek/stringenc.sty
Package: stringenc 2016/05/16 v1.11 Convert strings between diff. encodings (HO
)
)
Package hyperref Info: Option `psdextra' set `true' on input line 1465.

(/usr/local/texlive/2019/texmf-dist/tex/latex/hyperref/psdextra.def
File: psdextra.def 2018/11/30 v6.88e Hyperref: Additions to PDF string support
)
(/usr/local/texlive/2019/texmf-dist/tex/generic/colorprofiles/colorprofiles.sty
Package: colorprofiles 2018/11/01 v1.0.1 color profiles for PDF/X and PDF/A sup
port

(/usr/local/texlive/2019/texmf-dist/tex/generic/colorprofiles/colorprofiles.tex
)) (/usr/local/texlive/2019/texmf-dist/tex/generic/oberdiek/se-pdfdoc.def
File: se-pdfdoc.def 2016/05/16 v1.11 stringenc: PDFDocEncoding
)
(/usr/local/texlive/2019/texmf-dist/tex/latex/pdfx/AdobeColorProfiles.tex)
(/usr/local/texlive/2019/texmf-dist/tex/latex/pdfx/8bit.def
File: 8bit.def 2008/03/30 v1.1d Input encoding file
)
** pdfx: Metadata file tesi.xmpdata read successfully.
(./tesi.xmpdata)<<sRGB.icc>>
(/usr/local/texlive/2019/texmf-dist/tex/latex/pdfx/8bit.def
File: 8bit.def 2008/03/30 v1.1d Input encoding file
)
(/usr/local/texlive/2019/texmf-dist/tex/latex/pdfx/8bit.def
File: 8bit.def 2008/03/30 v1.1d Input encoding file
)
(/usr/local/texlive/2019/texmf-dist/tex/generic/oberdiek/se-utf8.def
File: se-utf8.def 2016/05/16 v1.11 stringenc: UTF-8
)
Package hyperref Info: Option `unicode' set `true' on input line 2411.
Package hyperref Info: Option `unicode' set `true' on input line 2412.

(/usr/local/texlive/2019/texmf-dist/tex/latex/pdfx/8bit.def
File: 8bit.def 2008/03/30 v1.1d Input encoding file
)
(/usr/local/texlive/2019/texmf-dist/tex/generic/pdftex/glyphtounicode.tex)
(/usr/local/texlive/2019/texmf-dist/tex/latex/pdfx/glyphtounicode-cmr.tex)
(/usr/local/texlive/2019/texmf-dist/tex/latex/pdfx/glyphtounicode-ntx.tex)
(/usr/local/texlive/2019/texmf-dist/tex/latex/xmpincl/xmpincl.sty
Package: xmpincl 2008/05/10 v2.2 Include XMP data in pdflatex
)
(/usr/local/texlive/2019/texmf-dist/tex/latex/pdfx/8bit.def
File: 8bit.def 2008/03/30 v1.1d Input encoding file
)
Using XMP template file: pdfa.xmp
\xmpinclWrite=\write3
\xmpinclRead=\read1
\openout3 = `pdfa.xmpi'.

<<pdfa.xmpi>>)
Package hyperref Info: Option `unicode' set `true' on input line 23.

(/usr/local/texlive/2019/texmf-dist/tex/latex/geometry/geometry.sty
Package: geometry 2018/04/16 v5.8 Page Geometry
\Gm@cnth=\count106
\Gm@cntv=\count107
\c@Gm@tempcnt=\count108
\Gm@bindingoffset=\dimen110
\Gm@wd@mp=\dimen111
\Gm@odd@mp=\dimen112
\Gm@even@mp=\dimen113
\Gm@layoutwidth=\dimen114
\Gm@layoutheight=\dimen115
\Gm@layouthoffset=\dimen116
\Gm@layoutvoffset=\dimen117
\Gm@dimlist=\toks19
))
(/usr/local/texlive/2019/texmf-dist/tex/latex/siunitx/siunitx.sty
(/usr/local/texlive/2019/texmf-dist/tex/latex/l3kernel/expl3.sty
Package: expl3 2019-05-07 L3 programming layer (loader) 

(/usr/local/texlive/2019/texmf-dist/tex/latex/l3kernel/expl3-code.tex
Package: expl3 2019-05-07 L3 programming layer (code)
\c_max_int=\count109
\l_tmpa_int=\count110
\l_tmpb_int=\count111
\g_tmpa_int=\count112
\g_tmpb_int=\count113
\g__kernel_prg_map_int=\count114
\c__ior_term_ior=\count115
\c_log_iow=\count116
\l_iow_line_count_int=\count117
\l__iow_line_target_int=\count118
\l__iow_one_indent_int=\count119
\l__iow_indent_int=\count120
\c_zero_dim=\dimen118
\c_max_dim=\dimen119
\l_tmpa_dim=\dimen120
\l_tmpb_dim=\dimen121
\g_tmpa_dim=\dimen122
\g_tmpb_dim=\dimen123
\c_zero_skip=\skip44
\c_max_skip=\skip45
\l_tmpa_skip=\skip46
\l_tmpb_skip=\skip47
\g_tmpa_skip=\skip48
\g_tmpb_skip=\skip49
\c_zero_muskip=\muskip11
\c_max_muskip=\muskip12
\l_tmpa_muskip=\muskip13
\l_tmpb_muskip=\muskip14
\g_tmpa_muskip=\muskip15
\g_tmpb_muskip=\muskip16
\l_keys_choice_int=\count121
\l__intarray_loop_int=\count122
\c__intarray_sp_dim=\dimen124
\g__intarray_font_int=\count123
\c__fp_leading_shift_int=\count124
\c__fp_middle_shift_int=\count125
\c__fp_trailing_shift_int=\count126
\c__fp_big_leading_shift_int=\count127
\c__fp_big_middle_shift_int=\count128
\c__fp_big_trailing_shift_int=\count129
\c__fp_Bigg_leading_shift_int=\count130
\c__fp_Bigg_middle_shift_int=\count131
\c__fp_Bigg_trailing_shift_int=\count132
\c__kernel_randint_max_int=\count133
\g__fp_array_int=\count134
\l__fp_array_loop_int=\count135
\l__sort_length_int=\count136
\l__sort_min_int=\count137
\l__sort_top_int=\count138
\l__sort_max_int=\count139
\l__sort_true_max_int=\count140
\l__sort_block_int=\count141
\l__sort_begin_int=\count142
\l__sort_end_int=\count143
\l__sort_A_int=\count144
\l__sort_B_int=\count145
\l__sort_C_int=\count146
\l__tl_analysis_normal_int=\count147
\l__tl_analysis_index_int=\count148
\l__tl_analysis_nesting_int=\count149
\l__tl_analysis_type_int=\count150
\l__regex_internal_a_int=\count151
\l__regex_internal_b_int=\count152
\l__regex_internal_c_int=\count153
\l__regex_balance_int=\count154
\l__regex_group_level_int=\count155
\l__regex_mode_int=\count156
\c__regex_cs_in_class_mode_int=\count157
\c__regex_cs_mode_int=\count158
\l__regex_catcodes_int=\count159
\l__regex_default_catcodes_int=\count160
\c__regex_catcode_D_int=\count161
\c__regex_catcode_S_int=\count162
\c__regex_catcode_L_int=\count163
\c__regex_catcode_O_int=\count164
\c__regex_catcode_A_int=\count165
\c__regex_all_catcodes_int=\count166
\l__regex_show_lines_int=\count167
\l__regex_min_state_int=\count168
\l__regex_max_state_int=\count169
\l__regex_left_state_int=\count170
\l__regex_right_state_int=\count171
\l__regex_capturing_group_int=\count172
\l__regex_min_pos_int=\count173
\l__regex_max_pos_int=\count174
\l__regex_curr_pos_int=\count175
\l__regex_start_pos_int=\count176
\l__regex_success_pos_int=\count177
\l__regex_curr_char_int=\count178
\l__regex_curr_catcode_int=\count179
\l__regex_last_char_int=\count180
\l__regex_case_changed_char_int=\count181
\l__regex_curr_state_int=\count182
\l__regex_step_int=\count183
\l__regex_min_active_int=\count184
\l__regex_max_active_int=\count185
\l__regex_replacement_csnames_int=\count186
\l__regex_match_count_int=\count187
\l__regex_min_submatch_int=\count188
\l__regex_submatch_int=\count189
\l__regex_zeroth_submatch_int=\count190
\g__regex_trace_regex_int=\count191
\c_empty_box=\box27
\l_tmpa_box=\box28
\l_tmpb_box=\box29
\g_tmpa_box=\box30
\g_tmpb_box=\box31
\l__box_top_dim=\dimen125
\l__box_bottom_dim=\dimen126
\l__box_left_dim=\dimen127
\l__box_right_dim=\dimen128
\l__box_top_new_dim=\dimen129
\l__box_bottom_new_dim=\dimen130
\l__box_left_new_dim=\dimen131
\l__box_right_new_dim=\dimen132
\l__box_internal_box=\box32
\l__coffin_internal_box=\box33
\l__coffin_internal_dim=\dimen133
\l__coffin_offset_x_dim=\dimen134
\l__coffin_offset_y_dim=\dimen135
\l__coffin_x_dim=\dimen136
\l__coffin_y_dim=\dimen137
\l__coffin_x_prime_dim=\dimen138
\l__coffin_y_prime_dim=\dimen139
\c_empty_coffin=\box34
\l__coffin_aligned_coffin=\box35
\l__coffin_aligned_internal_coffin=\box36
\l_tmpa_coffin=\box37
\l_tmpb_coffin=\box38
\g_tmpa_coffin=\box39
\g_tmpb_coffin=\box40
\l__coffin_bounding_shift_dim=\dimen140
\l__coffin_left_corner_dim=\dimen141
\l__coffin_right_corner_dim=\dimen142
\l__coffin_bottom_corner_dim=\dimen143
\l__coffin_top_corner_dim=\dimen144
\l__coffin_scaled_total_height_dim=\dimen145
\l__coffin_scaled_width_dim=\dimen146
\c__coffin_empty_coffin=\box41
\l__coffin_display_coffin=\box42
\l__coffin_display_coord_coffin=\box43
\l__coffin_display_pole_coffin=\box44
\l__coffin_display_offset_dim=\dimen147
\l__coffin_display_x_dim=\dimen148
\l__coffin_display_y_dim=\dimen149
\g__file_internal_ior=\read2
\l__seq_internal_a_int=\count192
\l__seq_internal_b_int=\count193
\c__deprecation_minus_one=\count194
)
(/usr/local/texlive/2019/texmf-dist/tex/latex/l3kernel/l3pdfmode.def
File: l3pdfmode.def 2019-04-06 v L3 Experimental driver: PDF mode
\l__driver_color_stack_int=\count195
\l__driver_pdf_tmp_box=\box45
))
(/usr/local/texlive/2019/texmf-dist/tex/latex/l3packages/xparse/xparse.sty
Package: xparse 2019-05-03 L3 Experimental document command parser
\l__xparse_current_arg_int=\count196
\g__xparse_grabber_int=\count197
\l__xparse_m_args_int=\count198
\l__xparse_v_nesting_int=\count199
)
Package: siunitx 2018/05/17 v2.7s A comprehensive (SI) units package

(/usr/local/texlive/2019/texmf-dist/tex/latex/amsmath/amstext.sty
Package: amstext 2000/06/29 v2.01 AMS text

(/usr/local/texlive/2019/texmf-dist/tex/latex/amsmath/amsgen.sty
File: amsgen.sty 1999/11/30 v2.0 generic functions
\@emptytoks=\toks20
\ex@=\dimen150
))
(/usr/local/texlive/2019/texmf-dist/tex/latex/tools/array.sty
Package: array 2018/12/30 v2.4k Tabular extension package (FMi)
\col@sep=\dimen151
\ar@mcellbox=\box46
\extrarowheight=\dimen152
\NC@list=\toks21
\extratabsurround=\skip50
\backup@length=\skip51
\ar@cellbox=\box47
)
(/usr/local/texlive/2019/texmf-dist/tex/latex/l3packages/l3keys2e/l3keys2e.sty
Package: l3keys2e 2019-05-03 LaTeX2e option processing using LaTeX3 keys
)
\l__siunitx_tmp_box=\box48
\l__siunitx_tmp_dim=\dimen153
\l__siunitx_tmp_int=\count266
\l__siunitx_number_mantissa_length_int=\count267
\l__siunitx_number_uncert_length_int=\count268
\l__siunitx_round_int=\count269
\l__siunitx_process_decimal_int=\count270
\l__siunitx_process_uncertainty_int=\count271
\l__siunitx_process_fixed_int=\count272
\l__siunitx_process_integer_min_int=\count273
\l__siunitx_process_precision_int=\count274
\l__siunitx_group_min_int=\count275
\l__siunitx_angle_marker_box=\box49
\l__siunitx_angle_unit_box=\box50
\l__siunitx_angle_marker_dim=\dimen154
\l__siunitx_angle_unit_dim=\dimen155
\l__siunitx_unit_int=\count276
\l__siunitx_unit_denominator_int=\count277
\l__siunitx_unit_numerator_int=\count278
\l__siunitx_unit_prefix_int=\count279
\l__siunitx_unit_prefix_base_int=\count280
\l__siunitx_unit_prefix_gram_int=\count281
\l__siunitx_number_product_int=\count282
\c__siunitx_one_fill_skip=\skip52
\l__siunitx_table_unit_align_skip=\skip53
\l__siunitx_table_exponent_dim=\dimen156
\l__siunitx_table_integer_dim=\dimen157
\l__siunitx_table_mantissa_dim=\dimen158
\l__siunitx_table_marker_dim=\dimen159
\l__siunitx_table_result_dim=\dimen160
\l__siunitx_table_uncert_dim=\dimen161
\l__siunitx_table_fill_pre_dim=\dimen162
\l__siunitx_table_fill_post_dim=\dimen163
\l__siunitx_table_fill_mid_dim=\dimen164
\l__siunitx_table_pre_box=\box51
\l__siunitx_table_post_box=\box52
\l__siunitx_table_mantissa_box=\box53
\l__siunitx_table_result_box=\box54
\l__siunitx_table_number_align_skip=\skip54
\l__siunitx_table_text_align_skip=\skip55
(/usr/local/texlive/2019/texmf-dist/tex/latex/translator/translator.sty
Package: translator 2018/01/04 v1.12 Easy translation of strings in LaTeX
))
(/usr/local/texlive/2019/texmf-dist/tex/latex/tocbibind/tocbibind.sty
Package: tocbibind 2010/10/13 v1.5k extra ToC listings
Package tocbibind Info: The document has chapter divisions on input line 50.


Package tocbibind Note: Using chapter style headings, unless overridden.

) (/usr/local/texlive/2019/texmf-dist/tex/latex/tools/indentfirst.sty
Package: indentfirst 1995/11/23 v1.03 Indent first paragraph (DPC)
)
(/usr/local/texlive/2019/texmf-dist/tex/latex/emptypage/emptypage.sty
Package: emptypage 2010/05/30 v1.2 Suppress page numbers and headings on empty 
pages
)
(/usr/local/texlive/2019/texmf-dist/tex/latex/amsmath/amsmath.sty
Package: amsmath 2018/12/01 v2.17b AMS math features
\@mathmargin=\skip56

For additional information on amsmath, use the `?' option.
(/usr/local/texlive/2019/texmf-dist/tex/latex/amsmath/amsbsy.sty
Package: amsbsy 1999/11/29 v1.2d Bold Symbols
\pmbraise@=\dimen165
)
(/usr/local/texlive/2019/texmf-dist/tex/latex/amsmath/amsopn.sty
Package: amsopn 2016/03/08 v2.02 operator names
)
\inf@bad=\count283
LaTeX Info: Redefining \frac on input line 223.
\uproot@=\count284
\leftroot@=\count285
LaTeX Info: Redefining \overline on input line 385.
\classnum@=\count286
\DOTSCASE@=\count287
LaTeX Info: Redefining \ldots on input line 482.
LaTeX Info: Redefining \dots on input line 485.
LaTeX Info: Redefining \cdots on input line 606.
\Mathstrutbox@=\box55
\strutbox@=\box56
\big@size=\dimen166
LaTeX Font Info:    Redeclaring font encoding OML on input line 729.
LaTeX Font Info:    Redeclaring font encoding OMS on input line 730.
\macc@depth=\count288
\c@MaxMatrixCols=\count289
\dotsspace@=\muskip17
\c@parentequation=\count290
\dspbrk@lvl=\count291
\tag@help=\toks22
\row@=\count292
\column@=\count293
\maxfields@=\count294
\andhelp@=\toks23
\eqnshift@=\dimen167
\alignsep@=\dimen168
\tagshift@=\dimen169
\tagwidth@=\dimen170
\totwidth@=\dimen171
\lineht@=\dimen172
\@envbody=\toks24
\multlinegap=\skip57
\multlinetaggap=\skip58
\mathdisplay@stack=\toks25
LaTeX Info: Redefining \[ on input line 2844.
LaTeX Info: Redefining \] on input line 2845.
)
(/usr/local/texlive/2019/texmf-dist/tex/latex/amsfonts/amsfonts.sty
Package: amsfonts 2013/01/14 v3.01 Basic AMSFonts support
\symAMSa=\mathgroup4
\symAMSb=\mathgroup5
LaTeX Font Info:    Overwriting math alphabet `\mathfrak' in version `bold'
(Font)                  U/euf/m/n --> U/euf/b/n on input line 106.
)
(/usr/local/texlive/2019/texmf-dist/tex/latex/amsfonts/amssymb.sty
Package: amssymb 2013/01/14 v3.01 AMS font symbols
)
(/usr/local/texlive/2019/texmf-dist/tex/latex/amscls/amsthm.sty
Package: amsthm 2017/10/31 v2.20.4
\thm@style=\toks26
\thm@bodyfont=\toks27
\thm@headfont=\toks28
\thm@notefont=\toks29
\thm@headpunct=\toks30
\thm@preskip=\skip59
\thm@postskip=\skip60
\thm@headsep=\skip61
\dth@everypar=\toks31
)
(/usr/local/texlive/2019/texmf-dist/tex/latex/base/latexsym.sty
Package: latexsym 1998/08/17 v2.2e Standard LaTeX package (lasy symbols)
\symlasy=\mathgroup6
LaTeX Font Info:    Overwriting symbol font `lasy' in version `bold'
(Font)                  U/lasy/m/n --> U/lasy/b/n on input line 52.
)
(/usr/local/texlive/2019/texmf-dist/tex/latex/listings/listings.sty
\lst@mode=\count295
\lst@gtempboxa=\box57
\lst@token=\toks32
\lst@length=\count296
\lst@currlwidth=\dimen173
\lst@column=\count297
\lst@pos=\count298
\lst@lostspace=\dimen174
\lst@width=\dimen175
\lst@newlines=\count299
\lst@lineno=\count300
\lst@maxwidth=\dimen176

(/usr/local/texlive/2019/texmf-dist/tex/latex/listings/lstmisc.sty
File: lstmisc.sty 2019/02/27 1.8b (Carsten Heinz)
\c@lstnumber=\count301
\lst@skipnumbers=\count302
\lst@framebox=\box58
)
(/usr/local/texlive/2019/texmf-dist/tex/latex/listings/listings.cfg
File: listings.cfg 2019/02/27 1.8b listings configuration
))
Package: listings 2019/02/27 1.8b (Carsten Heinz)

(/usr/local/texlive/2019/texmf-dist/tex/latex/wrapfig/wrapfig.sty
\wrapoverhang=\dimen177
\WF@size=\dimen178
\c@WF@wrappedlines=\count303
\WF@box=\box59
\WF@everypar=\toks33
Package: wrapfig 2003/01/31  v 3.6
)
(/usr/local/texlive/2019/texmf-dist/tex/latex/tools/verbatim.sty
Package: verbatim 2014/10/28 v1.5q LaTeX2e package for verbatim enhancements
\every@verbatim=\toks34
\verbatim@line=\toks35
\verbatim@in@stream=\read3
)
\c@teorema=\count304

(/usr/local/texlive/2019/texmf-dist/tex/latex/fancyhdr/fancyhdr.sty
Package: fancyhdr 2019/01/31 v3.10 Extensive control of page headers and footer
s
\f@nch@headwidth=\skip62
\f@nch@O@elh=\skip63
\f@nch@O@erh=\skip64
\f@nch@O@olh=\skip65
\f@nch@O@orh=\skip66
\f@nch@O@elf=\skip67
\f@nch@O@erf=\skip68
\f@nch@O@olf=\skip69
\f@nch@O@orf=\skip70
)
(./tesi.aux

LaTeX Warning: Label `xyz' multiply defined.


LaTeX Warning: Label `xyz' multiply defined.


LaTeX Warning: Label `xyz' multiply defined.


LaTeX Warning: Label `xyz' multiply defined.


LaTeX Warning: Label `xyz' multiply defined.


LaTeX Warning: Label `xyz' multiply defined.


LaTeX Warning: Label `xyz' multiply defined.


LaTeX Warning: Label `xyz' multiply defined.


LaTeX Warning: Label `xyz' multiply defined.


LaTeX Warning: Label `xyz' multiply defined.


LaTeX Warning: Label `xyz' multiply defined.

)
\openout1 = `tesi.aux'.

LaTeX Font Info:    Checking defaults for OML/cmm/m/it on input line 304.
LaTeX Font Info:    ... okay on input line 304.
LaTeX Font Info:    Checking defaults for T1/cmr/m/n on input line 304.
LaTeX Font Info:    ... okay on input line 304.
LaTeX Font Info:    Checking defaults for OT1/cmr/m/n on input line 304.
LaTeX Font Info:    ... okay on input line 304.
LaTeX Font Info:    Checking defaults for OMS/cmsy/m/n on input line 304.
LaTeX Font Info:    ... okay on input line 304.
LaTeX Font Info:    Checking defaults for OMX/cmex/m/n on input line 304.
LaTeX Font Info:    ... okay on input line 304.
LaTeX Font Info:    Checking defaults for U/cmr/m/n on input line 304.
LaTeX Font Info:    ... okay on input line 304.
LaTeX Font Info:    Checking defaults for PD1/pdf/m/n on input line 304.
LaTeX Font Info:    ... okay on input line 304.
LaTeX Font Info:    Checking defaults for PU/pdf/m/n on input line 304.
LaTeX Font Info:    ... okay on input line 304.
LaTeX Info: Redefining \it@ocap on input line 304.
LaTeX Info: Redefining \it@ccap on input line 304.


File italian.ldf warning: 
italian.ldf    With OT1 encoding guillemets are poorly faked
italian.ldf    Use T1 encoding
italian.ldf    or specify a font with command \CaporaliFrom
italian.ldf    See the documentation concerning the babel-italian typesetting 
italian.ldf    on input line 304.

(/usr/local/texlive/2019/texmf-dist/tex/context/base/mkii/supp-pdf.mkii
[Loading MPS to PDF converter (version 2006.09.02).]
\scratchcounter=\count305
\scratchdimen=\dimen179
\scratchbox=\box60
\nofMPsegments=\count306
\nofMParguments=\count307
\everyMPshowfont=\toks36
\MPscratchCnt=\count308
\MPscratchDim=\dimen180
\MPnumerator=\count309
\makeMPintoPDFobject=\count310
\everyMPtoPDFconversion=\toks37
) (/usr/local/texlive/2019/texmf-dist/tex/latex/oberdiek/epstopdf-base.sty
Package: epstopdf-base 2016/05/15 v2.6 Base part for package epstopdf

(/usr/local/texlive/2019/texmf-dist/tex/latex/oberdiek/grfext.sty
Package: grfext 2016/05/16 v1.2 Manage graphics extensions (HO)
)
Package epstopdf-base Info: Redefining graphics rule for `.eps' on input line 4
38.
Package grfext Info: Graphics extension search list:
(grfext)             [.pdf,.png,.jpg,.mps,.jpeg,.jbig2,.jb2,.PDF,.PNG,.JPG,.JPE
G,.JBIG2,.JB2,.eps]
(grfext)             \AppendGraphicsExtensions on input line 456.

(/usr/local/texlive/2019/texmf-dist/tex/latex/latexconfig/epstopdf-sys.cfg
File: epstopdf-sys.cfg 2010/07/13 v1.3 Configuration of (r)epstopdf for TeX Liv
e
))
ABD: EveryShipout initializing macros
\AtBeginShipoutBox=\box61
Package hyperref Info: Link coloring OFF on input line 304.

(/usr/local/texlive/2019/texmf-dist/tex/latex/hyperref/nameref.sty
Package: nameref 2016/05/21 v2.44 Cross-referencing by name of section

(/usr/local/texlive/2019/texmf-dist/tex/generic/oberdiek/gettitlestring.sty
Package: gettitlestring 2016/05/16 v1.5 Cleanup title references (HO)
)
\c@section@level=\count311
)
LaTeX Info: Redefining \ref on input line 304.
LaTeX Info: Redefining \pageref on input line 304.
LaTeX Info: Redefining \nameref on input line 304.

(./tesi.out) (./tesi.out)
\@outlinefile=\write4
\openout4 = `tesi.out'.


*geometry* driver: auto-detecting
*geometry* detected driver: pdftex
*geometry* verbose mode - [ preamble ] result:
* driver: pdftex
* paper: a4paper
* layout: <same size as paper>
* layoutoffset:(h,v)=(0.0pt,0.0pt)
* bindingoffset: 28.45274pt
* modes: twoside 
* h-part:(L,W,R)=(68.2873pt, 398.33685pt, 102.43098pt)
* v-part:(T,H,B)=(101.40665pt, 591.5302pt, 152.11pt)
* \paperwidth=597.50787pt
* \paperheight=845.04684pt
* \textwidth=398.33685pt
* \textheight=591.5302pt
* \oddsidemargin=24.47005pt
* \evensidemargin=30.161pt
* \topmargin=-2.73714pt
* \headheight=14.5pt
* \headsep=19.8738pt
* \topskip=12.0pt
* \footskip=30.0pt
* \marginparwidth=88.0pt
* \marginparsep=7.0pt
* \columnsep=10.0pt
* \skip\footins=10.8pt plus 4.0pt minus 2.0pt
* \hoffset=0.0pt
* \voffset=0.0pt
* \mag=1000
* \@twocolumnfalse
* \@twosidetrue
* \@mparswitchtrue
* \@reversemarginfalse
* (1in=72.27pt=25.4mm, 1cm=28.453pt)

Now handling font encoding TS1 ...
... processing UTF-8 mapping file for font encoding TS1
(/usr/local/texlive/2019/texmf-dist/tex/latex/base/ts1enc.dfu
File: ts1enc.dfu 2018/10/05 v1.2f UTF-8 support for inputenc
   defining Unicode char U+00A2 (decimal 162)
   defining Unicode char U+00A3 (decimal 163)
   defining Unicode char U+00A4 (decimal 164)
   defining Unicode char U+00A5 (decimal 165)
   defining Unicode char U+00A6 (decimal 166)
   defining Unicode char U+00A7 (decimal 167)
   defining Unicode char U+00A8 (decimal 168)
   defining Unicode char U+00A9 (decimal 169)
   defining Unicode char U+00AA (decimal 170)
   defining Unicode char U+00AC (decimal 172)
   defining Unicode char U+00AE (decimal 174)
   defining Unicode char U+00AF (decimal 175)
   defining Unicode char U+00B0 (decimal 176)
   defining Unicode char U+00B1 (decimal 177)
   defining Unicode char U+00B2 (decimal 178)
   defining Unicode char U+00B3 (decimal 179)
   defining Unicode char U+00B4 (decimal 180)
   defining Unicode char U+00B5 (decimal 181)
   defining Unicode char U+00B6 (decimal 182)
   defining Unicode char U+00B7 (decimal 183)
   defining Unicode char U+00B9 (decimal 185)
   defining Unicode char U+00BA (decimal 186)
   defining Unicode char U+00BC (decimal 188)
   defining Unicode char U+00BD (decimal 189)
   defining Unicode char U+00BE (decimal 190)
   defining Unicode char U+00D7 (decimal 215)
   defining Unicode char U+00F7 (decimal 247)
   defining Unicode char U+0192 (decimal 402)
   defining Unicode char U+02C7 (decimal 711)
   defining Unicode char U+02D8 (decimal 728)
   defining Unicode char U+02DD (decimal 733)
   defining Unicode char U+0E3F (decimal 3647)
   defining Unicode char U+2016 (decimal 8214)
   defining Unicode char U+2020 (decimal 8224)
   defining Unicode char U+2021 (decimal 8225)
   defining Unicode char U+2022 (decimal 8226)
   defining Unicode char U+2030 (decimal 8240)
   defining Unicode char U+2031 (decimal 8241)
   defining Unicode char U+203B (decimal 8251)
   defining Unicode char U+203D (decimal 8253)
   defining Unicode char U+2044 (decimal 8260)
   defining Unicode char U+204E (decimal 8270)
   defining Unicode char U+2052 (decimal 8274)
   defining Unicode char U+20A1 (decimal 8353)
   defining Unicode char U+20A4 (decimal 8356)
   defining Unicode char U+20A6 (decimal 8358)
   defining Unicode char U+20A9 (decimal 8361)
   defining Unicode char U+20AB (decimal 8363)
   defining Unicode char U+20AC (decimal 8364)
   defining Unicode char U+20B1 (decimal 8369)
   defining Unicode char U+2103 (decimal 8451)
   defining Unicode char U+2116 (decimal 8470)
   defining Unicode char U+2117 (decimal 8471)
   defining Unicode char U+211E (decimal 8478)
   defining Unicode char U+2120 (decimal 8480)
   defining Unicode char U+2122 (decimal 8482)
   defining Unicode char U+2126 (decimal 8486)
   defining Unicode char U+2127 (decimal 8487)
   defining Unicode char U+212E (decimal 8494)
   defining Unicode char U+2190 (decimal 8592)
   defining Unicode char U+2191 (decimal 8593)
   defining Unicode char U+2192 (decimal 8594)
   defining Unicode char U+2193 (decimal 8595)
   defining Unicode char U+2329 (decimal 9001)
   defining Unicode char U+232A (decimal 9002)
   defining Unicode char U+2422 (decimal 9250)
   defining Unicode char U+25E6 (decimal 9702)
   defining Unicode char U+25EF (decimal 9711)
   defining Unicode char U+266A (decimal 9834)
   defining Unicode char U+FEFF (decimal 65279)
)
(/usr/local/texlive/2019/texmf-dist/tex/latex/translator/translator-basic-dicti
onary-English.dict
Dictionary: translator-basic-dictionary, Language: English 
)
(/usr/local/texlive/2019/texmf-dist/tex/latex/translator/translator-basic-dicti
onary-Italian.dict
Dictionary: translator-basic-dictionary, Language: Italian 
)
(/usr/local/texlive/2019/texmf-dist/tex/latex/siunitx/siunitx-abbreviations.cfg
File: siunitx-abbreviations.cfg 2017/11/26 v2.7k siunitx: Abbreviated units
)
\c@lstlisting=\count312
LaTeX Font Info:    Try loading font information for U+msa on input line 304.
 (/usr/local/texlive/2019/texmf-dist/tex/latex/amsfonts/umsa.fd
File: umsa.fd 2013/01/14 v3.01 AMS symbols A
)
LaTeX Font Info:    Try loading font information for U+msb on input line 304.

(/usr/local/texlive/2019/texmf-dist/tex/latex/amsfonts/umsb.fd
File: umsb.fd 2013/01/14 v3.01 AMS symbols B
)
LaTeX Font Info:    Try loading font information for U+lasy on input line 304.

(/usr/local/texlive/2019/texmf-dist/tex/latex/base/ulasy.fd
File: ulasy.fd 1998/08/17 v2.2e LaTeX symbol font definitions
)
<polloPallido.pdf, id=502, 361.35pt x 361.35pt>
File: polloPallido.pdf Graphic file (type pdf)
<use polloPallido.pdf>
Package pdftex.def Info: polloPallido.pdf  used on input line 314.
(pdftex.def)             Requested size: 398.33685pt x 398.34087pt.
 [1



 <./polloPallido.pdf>] [2

] [3] [4

] (./introduzione.tex) [5

] [6

] (./tesi.toc [7] [8] [9])
\tf@toc=\write5
\openout5 = `tesi.toc'.


[10] (./tesi.lof [11

])
\tf@lof=\write6
\openout6 = `tesi.lof'.

 [12] (./capitolo1.tex
Capitolo 1.
[1


]
<./figure/william_b.jpg, id=781, 770.88pt x 513.92pt>
File: ./figure/william_b.jpg Graphic file (type jpg)
<use ./figure/william_b.jpg>
Package pdftex.def Info: ./figure/william_b.jpg  used on input line 16.
(pdftex.def)             Requested size: 385.43906pt x 256.95937pt.
) (./capitolo2.tex [2 <./figure/william_b.jpg>]
Capitolo 2.
[3

]
<./figure/raspberry.jpg, id=792, 1505.625pt x 897.3525pt>
File: ./figure/raspberry.jpg Graphic file (type jpg)
<use ./figure/raspberry.jpg>
Package pdftex.def Info: ./figure/raspberry.jpg  used on input line 27.
(pdftex.def)             Requested size: 301.11966pt x 179.46732pt.
 [4 <./figure/raspberry.jpg>]
<./figure/gps_usb.jpg, id=806, 426.59375pt x 293.095pt>
File: ./figure/gps_usb.jpg Graphic file (type jpg)
<use ./figure/gps_usb.jpg>
Package pdftex.def Info: ./figure/gps_usb.jpg  used on input line 38.
(pdftex.def)             Requested size: 255.95822pt x 175.85834pt.
 [5 <./figure/gps_usb.jpg>] [6]
<./figure/argos.png, id=817, 1055.945pt x 548.0475pt>
File: ./figure/argos.png Graphic file (type png)
<use ./figure/argos.png>
Package pdftex.def Info: ./figure/argos.png  used on input line 75.
(pdftex.def)             Requested size: 422.37051pt x 219.2151pt.

Overfull \hbox (24.03366pt too wide) in paragraph at lines 75--76
 [] 
 []

[7] [8 <./figure/argos.png>] [9]
<./figure/neptune_web.png, id=853, 1151.30125pt x 906.38625pt>
File: ./figure/neptune_web.png Graphic file (type png)
<use ./figure/neptune_web.png>
Package pdftex.def Info: ./figure/neptune_web.png  used on input line 120.
(pdftex.def)             Requested size: 345.39305pt x 271.91797pt.
 [10 <./figure/neptune_web.png>]
<./figure/neptune_home.jpg, id=861, 1084.05pt x 2288.55pt>
File: ./figure/neptune_home.jpg Graphic file (type jpg)
<use ./figure/neptune_home.jpg>
Package pdftex.def Info: ./figure/neptune_home.jpg  used on input line 138.
(pdftex.def)             Requested size: 130.08038pt x 274.61415pt.
<./figure/neptune_navigation.jpg, id=862, 1084.05pt x 2288.55pt>
File: ./figure/neptune_navigation.jpg Graphic file (type jpg)
<use ./figure/neptune_navigation.jpg>
Package pdftex.def Info: ./figure/neptune_navigation.jpg  used on input line 13
9.
(pdftex.def)             Requested size: 130.08038pt x 274.61415pt.
<./figure/neptune_gps.jpg, id=863, 1084.05pt x 2288.55pt>
File: ./figure/neptune_gps.jpg Graphic file (type jpg)
<use ./figure/neptune_gps.jpg>
Package pdftex.def Info: ./figure/neptune_gps.jpg  used on input line 140.
(pdftex.def)             Requested size: 130.08038pt x 274.61415pt.
)
(./capitolo3.tex [11] [12 <./figure/neptune_home.jpg> <./figure/neptune_navigat
ion.jpg> <./figure/neptune_gps.jpg>]
Capitolo 3.
[13

] [14] [15] [16]
<./figure/google_trends.png, id=901, 1159.33125pt x 613.29124pt>
File: ./figure/google_trends.png Graphic file (type png)
<use ./figure/google_trends.png>
Package pdftex.def Info: ./figure/google_trends.png  used on input line 61.
(pdftex.def)             Requested size: 405.77202pt x 214.65514pt.

Overfull \hbox (7.43517pt too wide) in paragraph at lines 61--62
 [] 
 []

[17 <./figure/google_trends.png>]
<./figure/stackoverflow_trends.png, id=909, 606.265pt x 397.485pt>
File: ./figure/stackoverflow_trends.png Graphic file (type png)
<use ./figure/stackoverflow_trends.png>
Package pdftex.def Info: ./figure/stackoverflow_trends.png  used on input line 
78.
(pdftex.def)             Requested size: 363.76181pt x 238.49283pt.
<./figure/native_hybrid_web.png, id=911, 884.30376pt x 681.54625pt>
File: ./figure/native_hybrid_web.png Graphic file (type png)
<use ./figure/native_hybrid_web.png>
Package pdftex.def Info: ./figure/native_hybrid_web.png  used on input line 87.

(pdftex.def)             Requested size: 265.29317pt x 204.46545pt.

Underfull \vbox (badness 10000) has occurred while \output is active []

 [18 <./figure/stackoverflow_trends.png>] [19 <./figure/native_hybrid_web.png>]
 [20]
[21]) (./capitolo4.tex [22]
Capitolo 4.
[23

]
<./figure/dipendenza_programmazione_reattiva.png, id=961, 487.8225pt x 273.02pt
>
File: ./figure/dipendenza_programmazione_reattiva.png Graphic file (type png)
<use ./figure/dipendenza_programmazione_reattiva.png>
Package pdftex.def Info: ./figure/dipendenza_programmazione_reattiva.png  used 
on input line 36.
(pdftex.def)             Requested size: 292.69576pt x 163.81326pt.
 [24] [25 <./figure/dipendenza_programmazione_reattiva.png>] [26]
Underfull \vbox (badness 10000) has occurred while \output is active []

 [27]
[28]
Underfull \vbox (badness 2591) has occurred while \output is active []

 [29]
[30] [31]
<./figure/event_loop.png, id=1034, 516.93124pt x 339.2675pt>
File: ./figure/event_loop.png Graphic file (type png)
<use ./figure/event_loop.png>
Package pdftex.def Info: ./figure/event_loop.png  used on input line 127.
(pdftex.def)             Requested size: 310.16113pt x 203.56206pt.
 [32 <./figure/event_loop.png (PNG copy)>] [33] [34]
(/usr/local/texlive/2019/texmf-dist/tex/latex/listings/lstlang1.sty
File: lstlang1.sty 2019/02/27 1.8b listings language file
)
LaTeX Font Info:    Font shape `OT1/cmtt/bx/n' in size <12> not available
(Font)              Font shape `OT1/cmtt/m/n' tried instead on input line 189.
 [35]
[36] [37]) (./capitolo5.tex [38]
Capitolo 5.
<./figure/architettura_framework_flutter.png, id=1117, 767.86874pt x 401.5pt>
File: ./figure/architettura_framework_flutter.png Graphic file (type png)
<use ./figure/architettura_framework_flutter.png>
Package pdftex.def Info: ./figure/architettura_framework_flutter.png  used on i
nput line 8.
(pdftex.def)             Requested size: 383.93343pt x 200.7495pt.
[39

] [40 <./figure/architettura_framework_flutter.png>] [41] [42]
<./figure/stateful_stateless.png, id=1153, 912.40875pt x 500.87125pt>
File: ./figure/stateful_stateless.png Graphic file (type png)
<use ./figure/stateful_stateless.png>
Package pdftex.def Info: ./figure/stateful_stateless.png  used on input line 85
.
(pdftex.def)             Requested size: 364.95703pt x 200.34494pt.
 [43] [44 <./figure/stateful_stateless.png>]
Overfull \hbox (2.53879pt too wide) in paragraph at lines 115--116
\OT1/cmr/m/n/12 sot-to-stan-te. I Wid-get del-l'al-be-ro pos-so-no ac-ce-de-re 
ai da-ti del [][]\OT1/cmtt/m/n/12 InheritedWidget
 []

[45]
<./figure/redux.png, id=1192, 736.7525pt x 419.5675pt>
File: ./figure/redux.png Graphic file (type png)
<use ./figure/redux.png>
Package pdftex.def Info: ./figure/redux.png  used on input line 127.
(pdftex.def)             Requested size: 294.69577pt x 167.82402pt.

Underfull \vbox (badness 2310) has occurred while \output is active []

 [46 <./figure/redux.png>]
<./figure/fuchsia_multipiattaforma.png, id=1201, 534.99875pt x 165.61874pt>
File: ./figure/fuchsia_multipiattaforma.png Graphic file (type png)
<use ./figure/fuchsia_multipiattaforma.png>
Package pdftex.def Info: ./figure/fuchsia_multipiattaforma.png  used on input l
ine 150.
(pdftex.def)             Requested size: 374.49657pt x 115.93231pt.
 [47] [48 <./figure/fuchsia_multipiattaforma.png>] [49] [50]
Underfull \vbox (badness 4543) has occurred while \output is active []

 [51]
[52] [53]) (./capitolo6.tex [54]
Capitolo 6.

Underfull \vbox (badness 1997) has occurred while \output is active []

 [55

]
[56] [57]
<./figure/provider_2.png, id=1285, 706.64pt x 484.81125pt>
File: ./figure/provider_2.png Graphic file (type png)
<use ./figure/provider_2.png>
Package pdftex.def Info: ./figure/provider_2.png  used on input line 57.
(pdftex.def)             Requested size: 353.31914pt x 242.40503pt.
 [58]
<./figure/provider_3.png, id=1293, 673.51625pt x 688.5725pt>
File: ./figure/provider_3.png Graphic file (type png)
<use ./figure/provider_3.png>
Package pdftex.def Info: ./figure/provider_3.png  used on input line 76.
(pdftex.def)             Requested size: 202.05643pt x 206.57333pt.
LaTeX Font Info:    Try loading font information for OML+cmr on input line 77.
 (/usr/local/texlive/2019/texmf-dist/tex/latex/base/omlcmr.fd
File: omlcmr.fd 2014/09/29 v2.5h Standard LaTeX font definitions
)
LaTeX Font Info:    Font shape `OML/cmr/m/it' in size <12> not available
(Font)              Font shape `OML/cmm/m/it' tried instead on input line 77.

[59 <./figure/provider_2.png>]
LaTeX Font Info:    Font shape `OML/cmr/m/n' in size <12> not available
(Font)              Font shape `OML/cmm/m/it' tried instead on input line 88.
LaTeX Font Info:    Try loading font information for OMS+cmr on input line 89.

(/usr/local/texlive/2019/texmf-dist/tex/latex/base/omscmr.fd
File: omscmr.fd 2014/09/29 v2.5h Standard LaTeX font definitions
)
LaTeX Font Info:    Font shape `OMS/cmr/m/n' in size <12> not available
(Font)              Font shape `OMS/cmsy/m/n' tried instead on input line 89.
<./figure/provider.png, id=1304, 702.625pt x 480.79625pt>
File: ./figure/provider.png Graphic file (type png)
<use ./figure/provider.png>
Package pdftex.def Info: ./figure/provider.png  used on input line 98.
(pdftex.def)             Requested size: 351.31163pt x 240.39752pt.
 [60 <./figure/provider_3.png>]
<./figure/bloc_architecture.png, id=1321, 443.6575pt x 198.7425pt>
File: ./figure/bloc_architecture.png Graphic file (type png)
<use ./figure/bloc_architecture.png>
Package pdftex.def Info: ./figure/bloc_architecture.png  used on input line 113
.
(pdftex.def)             Requested size: 310.55812pt x 139.11879pt.

Underfull \vbox (badness 10000) has occurred while \output is active []

 [61 <./figure/provider.png>] [62 <./figure/bloc_architecture.png>]
Overfull \hbox (2.4328pt too wide) in paragraph at lines 133--134
[]\OT1/cmr/m/n/12 Lo [][]\OT1/cmtt/m/n/12 Stream []\OT1/cmr/m/n/12 vie-ne istan
-zia-to dal BLoC (tra-mi-te l'og-get-to [][]\OT1/cmtt/m/n/12 StreamController[]
\OT1/cmr/m/n/12 )
 []

<./figure/bloc_architecture_2.png, id=1337, 834.11626pt x 292.09125pt>
File: ./figure/bloc_architecture_2.png Graphic file (type png)
<use ./figure/bloc_architecture_2.png>
Package pdftex.def Info: ./figure/bloc_architecture_2.png  used on input line 1
37.
(pdftex.def)             Requested size: 333.6406pt x 116.83441pt.
[63 <./figure/bloc_architecture_2.png>]
Overfull \hbox (5.16095pt too wide) in paragraph at lines 148--149
[]\OT1/cmr/m/n/12 Un vin-co-lo che ^^Re be-ne ri-spet-ta-re, ^^Re l'im-ple-men-
ta-zio-ne del me-to-do [][]\OT1/cmtt/m/n/12 dispose()[]\OT1/cmr/m/n/12 .
 []

[64] [65] [66]
<./figure/architettura_implementata.png, id=1364, 815.045pt x 858.20625pt>
File: ./figure/architettura_implementata.png Graphic file (type png)
<use ./figure/architettura_implementata.png>
Package pdftex.def Info: ./figure/architettura_implementata.png  used on input 
line 202.
(pdftex.def)             Requested size: 236.357pt x 248.87344pt.
 [67] [68 <./figure/architettura_implementata.png>]
Overfull \hbox (12.35094pt too wide) in paragraph at lines 231--231
[]\OT1/cmr/bx/n/17.28 Descrizione det-ta-glia-ta del-l'ar-chi-tet-tu-ra im-
 []

[69] [70] [71] [72] [73] [74] [75]
Overfull \hbox (9.4555pt too wide) in paragraph at lines 513--514
[][][]\OT1/cmtt/m/n/12 get lastData[]\OT1/cmr/m/n/12 : ^^Re un me-to-do pub-bli
-co che uti-liz-za [][]\OT1/cmtt/m/n/12 _getLastDataCached()[]\OT1/cmr/m/n/12 .

 []


Overfull \hbox (2.30135pt too wide) in paragraph at lines 515--516
[][][]\OT1/cmtt/m/n/12 get dataCached[]\OT1/cmr/m/n/12 : ^^Re un me-to-do pub-b
li-co che chia-ma [][]\OT1/cmtt/m/n/12 _getDataCached ()[]\OT1/cmr/m/n/12 .
 []

[76]
Overfull \hbox (3.60162pt too wide) in paragraph at lines 527--528
[][][]\OT1/cmtt/m/n/12 static Future<File> writeSettings(String serverSettings)
[]\OT1/cmr/m/n/12 : me-
 []


Overfull \hbox (0.15036pt too wide) in paragraph at lines 533--534
[]\OT1/cmr/m/n/12 Questa clas-se con-tie-ne i me-de-si-mi pa-ra-me-tri del-la c
las-se [][]\OT1/cmtt/m/n/12 ServerParameters
 []


Overfull \hbox (7.07394pt too wide) in paragraph at lines 533--534
\OT1/cmr/m/n/12 ([][]\OT1/cmtt/m/n/12 factory ServerSettings.fromJson(Map<Strin
g, dynamic> json)[]\OT1/cmr/m/n/12 ), in mo-
 []

[77] [78] [79]
Underfull \vbox (badness 10000) has occurred while \output is active []

 [80]
[81]
Overfull \hbox (14.4645pt too wide) in paragraph at lines 679--680
[]\OT1/cmr/m/n/12 Questa clas-se astrat-ta ^^Re una clas-se \OT1/cmr/m/it/12 pa
-ra-me-tri-ca [][]\OT1/cmtt/m/n/12 Bloc<T extends BaseModel>[]\OT1/cmr/m/n/12 ,

 []

[82] [83] [84]
Overfull \hbox (9.76402pt too wide) in paragraph at lines 776--777
[]\OT1/cmr/m/n/12 La strut-tu-ra del-la clas-se che im-ple-men-ta que-sta scher
-ma-ta ([][]\OT1/cmtt/m/n/12 NavigationPage[]\OT1/cmr/m/n/12 )
 []

[85]
Underfull \vbox (badness 10000) has occurred while \output is active []

 [86]
<./figure/navigation.png, id=1850, 572.1375pt x 1023.825pt>
File: ./figure/navigation.png Graphic file (type png)
<use ./figure/navigation.png>
Package pdftex.def Info: ./figure/navigation.png  used on input line 833.
(pdftex.def)             Requested size: 194.52417pt x 348.09589pt.

Overfull \hbox (10.53784pt too wide) in paragraph at lines 839--840
[][]\OT1/cmtt/m/n/12 Provider<NavigationPage> []\OT1/cmr/m/n/12 e poi, co-me fi
-glio di que-st'ul-ti-mo, [][]\OT1/cmtt/m/n/12 NavigationPage[]\OT1/cmr/m/n/12 
.
 []

[87] [88 <./figure/navigation.png>]
<./figure/gps.png, id=1869, 572.1375pt x 1023.825pt>
File: ./figure/gps.png Graphic file (type png)
<use ./figure/gps.png>
Package pdftex.def Info: ./figure/gps.png  used on input line 848.
(pdftex.def)             Requested size: 194.52417pt x 348.09589pt.
<./figure/wind.png, id=1870, 572.1375pt x 1023.825pt>
File: ./figure/wind.png Graphic file (type png)
<use ./figure/wind.png>
Package pdftex.def Info: ./figure/wind.png  used on input line 849.
(pdftex.def)             Requested size: 194.52417pt x 348.09589pt.
 [89 <./figure/gps.png> <./figure/wind.png>] [90] [91]
Overfull \hbox (1.80327pt too wide) in paragraph at lines 938--939
[][][][][][][][][][][][][][][][][] 
 []

<./figure/dashboard.png, id=1940, 572.1375pt x 1023.825pt>
File: ./figure/dashboard.png Graphic file (type png)
<use ./figure/dashboard.png>
Package pdftex.def Info: ./figure/dashboard.png  used on input line 969.
(pdftex.def)             Requested size: 200.25111pt x 358.34412pt.
[92] [93 <./figure/dashboard.png>] [94]
Underfull \vbox (badness 10000) has occurred while \output is active []

 [95]
<./figure/drawer.png, id=2059, 572.1375pt x 1023.825pt>
File: ./figure/drawer.png Graphic file (type png)
<use ./figure/drawer.png>
Package pdftex.def Info: ./figure/drawer.png  used on input line 1079.
(pdftex.def)             Requested size: 194.52417pt x 348.09589pt.
<./figure/settings.png, id=2060, 572.1375pt x 1023.825pt>
File: ./figure/settings.png Graphic file (type png)
<use ./figure/settings.png>
Package pdftex.def Info: ./figure/settings.png  used on input line 1080.
(pdftex.def)             Requested size: 194.52417pt x 348.09589pt.

[96] [97 <./figure/drawer.png> <./figure/settings.png>]
<./figure/cache.png, id=2101, 572.1375pt x 1023.825pt>
File: ./figure/cache.png Graphic file (type png)
<use ./figure/cache.png>
Package pdftex.def Info: ./figure/cache.png  used on input line 1091.
(pdftex.def)             Requested size: 194.52417pt x 348.09589pt.
<./figure/cache_android_dialog.jpg, id=2102, 1084.05pt x 2288.55pt>
File: ./figure/cache_android_dialog.jpg Graphic file (type jpg)
<use ./figure/cache_android_dialog.jpg>
Package pdftex.def Info: ./figure/cache_android_dialog.jpg  used on input line 
1101.
(pdftex.def)             Requested size: 162.60048pt x 343.26768pt.
<./figure/cache_ios_dialog.png, id=2103, 572.1375pt x 1023.825pt>
File: ./figure/cache_ios_dialog.png Graphic file (type png)
<use ./figure/cache_ios_dialog.png>
Package pdftex.def Info: ./figure/cache_ios_dialog.png  used on input line 1102
.
(pdftex.def)             Requested size: 200.25111pt x 358.34412pt.
 [98 <./figure/cache.png>] [99 <./figure/cache_android_dialog.jpg> <./figure/ca
che_ios_dialog.png>]
<./figure/server.png, id=2115, 572.1375pt x 1023.825pt>
File: ./figure/server.png Graphic file (type png)
<use ./figure/server.png>
Package pdftex.def Info: ./figure/server.png  used on input line 1117.
(pdftex.def)             Requested size: 194.52417pt x 348.09589pt.

[100 <./figure/server.png>]
<./figure/server_online_status.png, id=2125, 572.1375pt x 1023.825pt>
File: ./figure/server_online_status.png Graphic file (type png)
<use ./figure/server_online_status.png>
Package pdftex.def Info: ./figure/server_online_status.png  used on input line 
1127.
(pdftex.def)             Requested size: 194.52417pt x 348.09589pt.
<./figure/server_offline_status.png, id=2126, 572.1375pt x 1023.825pt>
File: ./figure/server_offline_status.png Graphic file (type png)
<use ./figure/server_offline_status.png>
Package pdftex.def Info: ./figure/server_offline_status.png  used on input line
 1128.
(pdftex.def)             Requested size: 194.52417pt x 348.09589pt.
 [101 <./figure/server_online_status.png> <./figure/server_offline_status.png>]
<./figure/server_successful.png, id=2136, 572.1375pt x 1023.825pt>
File: ./figure/server_successful.png Graphic file (type png)
<use ./figure/server_successful.png>
Package pdftex.def Info: ./figure/server_successful.png  used on input line 116
6.
(pdftex.def)             Requested size: 194.52417pt x 348.09589pt.
<./figure/server_error.png, id=2137, 572.1375pt x 1023.825pt>
File: ./figure/server_error.png Graphic file (type png)
<use ./figure/server_error.png>
Package pdftex.def Info: ./figure/server_error.png  used on input line 1174.
(pdftex.def)             Requested size: 194.52417pt x 348.09589pt.
<./figure/server_errors.png, id=2138, 572.1375pt x 1023.825pt>
File: ./figure/server_errors.png Graphic file (type png)
<use ./figure/server_errors.png>
Package pdftex.def Info: ./figure/server_errors.png  used on input line 1175.
(pdftex.def)             Requested size: 194.52417pt x 348.09589pt.
 [102] [103 <./figure/server_successful.png>]
[104 <./figure/server_error.png> <./figure/server_errors.png>]
<./figure/theme_high_contrast_activate.png, id=2180, 572.1375pt x 1023.825pt>
File: ./figure/theme_high_contrast_activate.png Graphic file (type png)
<use ./figure/theme_high_contrast_activate.png>
Package pdftex.def Info: ./figure/theme_high_contrast_activate.png  used on inp
ut line 1187.
(pdftex.def)             Requested size: 194.52417pt x 348.09589pt.
<./figure/theme_high_contrast_deactivate.png, id=2181, 572.1375pt x 1023.825pt>

File: ./figure/theme_high_contrast_deactivate.png Graphic file (type png)
<use ./figure/theme_high_contrast_deactivate.png>
Package pdftex.def Info: ./figure/theme_high_contrast_deactivate.png  used on i
nput line 1188.
(pdftex.def)             Requested size: 194.52417pt x 348.09589pt.
<./figure/dashboard_high_contrast.png, id=2182, 572.1375pt x 1023.825pt>
File: ./figure/dashboard_high_contrast.png Graphic file (type png)
<use ./figure/dashboard_high_contrast.png>
Package pdftex.def Info: ./figure/dashboard_high_contrast.png  used on input li
ne 1195.
(pdftex.def)             Requested size: 194.52417pt x 348.09589pt.
<./figure/navigation_high_contrast.png, id=2183, 572.1375pt x 1023.825pt>
File: ./figure/navigation_high_contrast.png Graphic file (type png)
<use ./figure/navigation_high_contrast.png>
Package pdftex.def Info: ./figure/navigation_high_contrast.png  used on input l
ine 1196.
(pdftex.def)             Requested size: 194.52417pt x 348.09589pt.
 [105 <./figure/theme_high_contrast_activate.png> <./figure/theme_high_contrast
_deactivate.png>] [106 <./figure/dashboard_high_contrast.png> <./figure/navigat
ion_high_contrast.png>]
<./figure/grid_box_widget.png, id=2197, 358.33875pt x 362.35374pt>
File: ./figure/grid_box_widget.png Graphic file (type png)
<use ./figure/grid_box_widget.png>
Package pdftex.def Info: ./figure/grid_box_widget.png  used on input line 1233.

(pdftex.def)             Requested size: 179.16893pt x 181.17642pt.
<./figure/location_widget.png, id=2198, 352.31625pt x 72.27pt>
File: ./figure/location_widget.png Graphic file (type png)
<use ./figure/location_widget.png>
Package pdftex.def Info: ./figure/location_widget.png  used on input line 1242.

(pdftex.def)             Requested size: 211.39137pt x 43.36232pt.
 [107] [108 <./figure/grid_box_widget.png> <./figure/location_widget.png>]
<./figure/location_widget_dashboard.png, id=2231, 572.1375pt x 1023.825pt>
File: ./figure/location_widget_dashboard.png Graphic file (type png)
<use ./figure/location_widget_dashboard.png>
Package pdftex.def Info: ./figure/location_widget_dashboard.png  used on input 
line 1270.
(pdftex.def)             Requested size: 194.52417pt x 348.09589pt.
<./figure/location_widget_navigation.png, id=2232, 572.1375pt x 1023.825pt>
File: ./figure/location_widget_navigation.png Graphic file (type png)
<use ./figure/location_widget_navigation.png>
Package pdftex.def Info: ./figure/location_widget_navigation.png  used on input
 line 1271.
(pdftex.def)             Requested size: 194.52417pt x 348.09589pt.
 [109 <./figure/location_widget_dashboard.png> <./figure/location_widget_naviga
tion.png>]
<./figure/page_app_bar.png, id=2252, 383.4325pt x 125.46875pt>
File: ./figure/page_app_bar.png Graphic file (type png)
<use ./figure/page_app_bar.png>
Package pdftex.def Info: ./figure/page_app_bar.png  used on input line 1282.
(pdftex.def)             Requested size: 191.71577pt x 62.7342pt.

Overfull \hbox (11.25137pt too wide) in paragraph at lines 1289--1290
\OT1/cmr/m/n/12 Que-sto Wid-get ha la me-de-si-ma fles-si-bi-lit^^Ra del pre-ce
-den-te. [][]\OT1/cmtt/m/n/12 Sensor Data App Bar
 []

<./figure/sensor_data_app_bar.png, id=2253, 378.41376pt x 126.4725pt>
File: ./figure/sensor_data_app_bar.png Graphic file (type png)
<use ./figure/sensor_data_app_bar.png>
Package pdftex.def Info: ./figure/sensor_data_app_bar.png  used on input line 1
293.
(pdftex.def)             Requested size: 189.2064pt x 63.23608pt.
[110 <./figure/page_app_bar.png> <./figure/sensor_data_app_bar.png>] [111]
[112] [113]
Overfull \hbox (3.98093pt too wide) in paragraph at lines 1398--1398
[]\OT1/cmr/bx/n/17.28 Motivazioni del-le scel-te gra-fi-che im-ple-men-
 []

[114] [115] [116] [117]
<./figure/event_queue_microtask_queue.png, id=2349, 405.515pt x 663.47874pt>
File: ./figure/event_queue_microtask_queue.png Graphic file (type png)
<use ./figure/event_queue_microtask_queue.png>
Package pdftex.def Info: ./figure/event_queue_microtask_queue.png  used on inpu
t line 1469.
(pdftex.def)             Requested size: 202.75699pt x 331.73856pt.

Underfull \hbox (badness 3049) in paragraph at lines 1470--1470
[]\OT1/cmr/m/n/12 Figura 6.24: []Uno sche-ma che il-lu-stra il fun-zio-na-men-t
o del mec-ca-
 []


Underfull \hbox (badness 3354) in paragraph at lines 1470--1470
\OT1/cmr/m/n/12 ni-smo dell'\OT1/cmr/m/it/12 Event Queue \OT1/cmr/m/n/12 e dell
'\OT1/cmr/m/it/12 Microtask Queue\OT1/cmr/m/n/12 , du-ran-te l'e-se-cu-zio-ne
 []

) (./capitolo7.tex [118] [119 <./figure/event_queue_microtask_queue.png>]
[120

]
Capitolo 7.
<./figure/dashboard_tap.png, id=2398, 572.1375pt x 1023.825pt>
File: ./figure/dashboard_tap.png Graphic file (type png)
<use ./figure/dashboard_tap.png>
Package pdftex.def Info: ./figure/dashboard_tap.png  used on input line 13.
(pdftex.def)             Requested size: 143.03401pt x 255.95561pt.
<./figure/dashboard_detail.png, id=2399, 572.1375pt x 1023.825pt>
File: ./figure/dashboard_detail.png Graphic file (type png)
<use ./figure/dashboard_detail.png>
Package pdftex.def Info: ./figure/dashboard_detail.png  used on input line 14.
(pdftex.def)             Requested size: 143.03401pt x 255.95561pt.
<./figure/location_tap.png, id=2400, 572.1375pt x 1023.825pt>
File: ./figure/location_tap.png Graphic file (type png)
<use ./figure/location_tap.png>
Package pdftex.def Info: ./figure/location_tap.png  used on input line 20.
(pdftex.def)             Requested size: 143.03401pt x 255.95561pt.
<./figure/location_detail.png, id=2401, 572.1375pt x 1023.825pt>
File: ./figure/location_detail.png Graphic file (type png)
<use ./figure/location_detail.png>
Package pdftex.def Info: ./figure/location_detail.png  used on input line 21.
(pdftex.def)             Requested size: 143.03401pt x 255.95561pt.
<./figure/navigation_tap.png, id=2402, 572.1375pt x 1023.825pt>
File: ./figure/navigation_tap.png Graphic file (type png)
<use ./figure/navigation_tap.png>
Package pdftex.def Info: ./figure/navigation_tap.png  used on input line 22.
(pdftex.def)             Requested size: 143.03401pt x 255.95561pt.
<./figure/navigation_detail.png, id=2403, 572.1375pt x 1023.825pt>
File: ./figure/navigation_detail.png Graphic file (type png)
<use ./figure/navigation_detail.png>
Package pdftex.def Info: ./figure/navigation_detail.png  used on input line 23.

(pdftex.def)             Requested size: 143.03401pt x 255.95561pt.
[121] [122 <./figure/dashboard_tap.png> <./figure/dashboard_detail.png>]
[123 <./figure/location_tap.png> <./figure/location_detail.png> <./figure/navig
ation_tap.png> <./figure/navigation_detail.png>]
Overfull \hbox (16.67491pt too wide) in paragraph at lines 41--41
[]\OT1/cmr/bx/n/17.28 Considerazioni sul-l'ap-proc-cio cross-platform 
 []

[124] [125] [126] [127]) (./appendiceA.tex [128]
Appendice A.
[129

]) (./appendiceB.tex [130]
Appendice B.

Overfull \hbox (4.33618pt too wide) in paragraph at lines 1--1
[]\OT1/cmr/bx/n/24.88 AutomaticKeepAliveClientMixin  
 []

[131

]
Underfull \vbox (badness 1910) has occurred while \output is active []

 [132])
[133] [134

] (./biblio.tex
Underfull \hbox (badness 10000) in paragraph at lines 11--12
[]\OT1/cmr/m/n/12 Regata costiera. []$\OT1/cmtt/m/n/12 https : / / it . wikiped
ia . org / wiki / Vela _ (sport )
 []


Underfull \hbox (badness 1057) in paragraph at lines 14--15
[]\OT1/cmr/m/n/12 Vela, sport. []$\OT1/cmtt/m/n/12 https : / / it . wikipedia .
 org / wiki / Vela _ (sport)$[]\OT1/cmr/m/n/12 , Mag-gio
 []


Underfull \hbox (badness 10000) in paragraph at lines 17--18
[]\OT1/cmr/m/n/12 Barca a vela da re-gata \OT1/cmr/m/it/12 William B\OT1/cmr/m/
n/12 . []$\OT1/cmtt/m/n/12 https : / / qui . uniud . it /
 []


Underfull \hbox (badness 10000) in paragraph at lines 17--18
\OT1/cmtt/m/n/12 notizieEventi / ricerca-[]e-[]innovazione/$[]\OT1/cmr/m/n/12 ,
 ar-ti-colo: \OT1/cmr/m/it/12 Uniud Sail-ing
 []


Underfull \hbox (badness 10000) in paragraph at lines 23--24
[]\OT1/cmr/m/n/12 Statistiche sull'utilizzo dei sis-temi op-er-a-tivi mo-
 []


Underfull \hbox (badness 10000) in paragraph at lines 23--24
\OT1/cmr/m/n/12 bili, []$\OT1/cmtt/m/n/12 https : / / www . statista . com / st
atistics / 272698 /
 []


Overfull \hbox (22.90479pt too wide) in paragraph at lines 23--24
\OT1/cmtt/m/n/12 global-[]market-[]share-[]held-[]by-[]mobile-[]operating-[]sys
tems-[]since-[]2009/$[]\OT1/cmr/m/n/12 ,
 []


Underfull \hbox (badness 10000) in paragraph at lines 26--27
\OT1/cmtt/m/n/12 it / trends / explore ? date = today % 205-[]y & q = Flutter ,
[] React % 20Native ,[]
 []


Underfull \hbox (badness 1748) in paragraph at lines 29--30
[]\OT1/cmr/m/n/12 Trend dei frame-work mo-bile su Stack-Over-flow. []$\OT1/cmtt
/m/n/12 https : / / insights .
 []


Underfull \hbox (badness 10000) in paragraph at lines 29--30
\OT1/cmtt/m/n/12 stackoverflow . com / trends ? tags = flutter % 2Creact-[]nati
ve %
 []


Underfull \hbox (badness 6063) in paragraph at lines 35--36
[]\OT1/cmr/m/n/12 Considerazioni sull'approccio di sviluppo da uti-liz-zare, []
$\OT1/cmtt/m/n/12 https : / /
 []


Underfull \hbox (badness 10000) in paragraph at lines 38--39
\OT1/cmtt/m/n/12 statistics / 751532 / worldwide-[]application-[]user-[]retenti
on-[]rate/$[]\OT1/cmr/m/n/12 ,
 []

[135

]
Underfull \hbox (badness 10000) in paragraph at lines 53--54
\OT1/cmtt/m/n/12 faq # what-[]programming-[]paradigm-[]does-[]flutters-[]framew
ork-[]use$[]\OT1/cmr/m/n/12 ,
 []


Underfull \hbox (badness 1400) in paragraph at lines 56--57
[]\OT1/cmr/m/n/12 Reactive Man-i-festo. []$\OT1/cmtt/m/n/12 https : / / www . r
eactivemanifesto . org/$[]\OT1/cmr/m/n/12 , Mag-gio
 []


Underfull \hbox (badness 10000) in paragraph at lines 59--60
[]\OT1/cmr/m/n/12 Programmazione reat-tiva. []$\OT1/cmtt/m/n/12 https : / / en 
. wikipedia . org / wiki /
 []


Underfull \hbox (badness 2990) in paragraph at lines 62--63
[]\OT1/cmr/m/n/12 Compilazione an-tic-i-pata (AOT). []$\OT1/cmtt/m/n/12 https :
 / / en . wikipedia . org / wiki /
 []


Underfull \hbox (badness 10000) in paragraph at lines 65--66
[]\OT1/cmr/m/n/12 Rappresentazione in-ter-me-dia. []$\OT1/cmtt/m/n/12 https : /
 / en . wikipedia . org / wiki /
 []


Underfull \hbox (badness 10000) in paragraph at lines 68--69
[]\OT1/cmr/m/n/12 Tipizzazione di Dart. []$\OT1/cmtt/m/n/12 https : / / dart . 
dev / faq #
 []


Underfull \hbox (badness 10000) in paragraph at lines 81--82
[]\OT1/cmr/m/it/12 Isolate \OT1/cmr/m/n/12 e \OT1/cmr/m/it/12 Event Loop\OT1/cm
r/m/n/12 . []$\OT1/cmtt/m/n/12 https : / / medium . com / dartlang /
 []


Overfull \hbox (40.4298pt too wide) in paragraph at lines 81--82
\OT1/cmtt/m/n/12 dart-[]asynchronous-[]programming-[]isolates-[]and-[]event-[]l
oops-[]bffc3e296a6a$[]\OT1/cmr/m/n/12 ,
 []


Underfull \hbox (badness 10000) in paragraph at lines 84--85
[]\OT1/cmr/m/it/12 Isolate \OT1/cmr/m/n/12 e \OT1/cmr/m/it/12 Event Loop\OT1/cm
r/m/n/12 . []$\OT1/cmtt/m/n/12 https : / / www . youtube . com / watch ? v = vl
 _
 []

[136]
Underfull \hbox (badness 10000) in paragraph at lines 90--91
[]\OT1/cmr/m/it/12 Future\OT1/cmr/m/n/12 . []$\OT1/cmtt/m/n/12 https : / / www 
. youtube . com / watch ? v = OTS-[]ap9 _ aXc$[]\OT1/cmr/m/n/12 , Mag-gio
 []


Underfull \hbox (badness 10000) in paragraph at lines 102--103
[]\OT1/cmr/m/n/12 Hot Reload. []$\OT1/cmtt/m/n/12 https : / / flutter . dev / d
ocs / development / tools /
 []


Underfull \hbox (badness 4569) in paragraph at lines 108--109
[]\OT1/cmr/m/n/12 Google Fuch-sia. []$\OT1/cmtt/m/n/12 https : / / en . wikiped
ia . org / wiki / Google _ Fuchsia$[]\OT1/cmr/m/n/12 ,
 []


Overfull \hbox (22.06349pt too wide) in paragraph at lines 117--118
[]\OT1/cmr/m/n/12 Redux. []$\OT1/cmtt/m/n/12 https : / / blog . novoda . com / 
introduction-[]to-[]redux-[]in-[]flutter/$[]\OT1/cmr/m/n/12 ,
 []


Underfull \hbox (badness 10000) in paragraph at lines 120--121
[]\OT1/cmr/m/n/12 Provider. []$\OT1/cmtt/m/n/12 https : / / medium . com / flut
ter-[]community /
 []


Overfull \hbox (65.6298pt too wide) in paragraph at lines 120--121
\OT1/cmtt/m/n/12 understanding-[]provider-[]in-[]diagrams-[]part-[]1-[]providin
g-[]values-[]4379aa1e7fd5$[]\OT1/cmr/m/n/12 ,
 []


Underfull \hbox (badness 10000) in paragraph at lines 126--127
[]\OT1/cmr/m/n/12 Repository pat-tern. []$\OT1/cmtt/m/n/12 http : / / hannesdor
fmann . com / android /
 []


Underfull \hbox (badness 10000) in paragraph at lines 129--130
[]\OT1/cmr/m/n/12 Architettura im-ple-men-tata. []$\OT1/cmtt/m/n/12 https : / /
 www . toptal . com /
 []


Underfull \hbox (badness 1728) in paragraph at lines 129--130
\OT1/cmtt/m/n/12 cross-[]platform / code-[]sharing-[]angular-[]dart-[]flutter-[
]bloc$[]\OT1/cmr/m/n/12 , Mag-gio
 []


Underfull \hbox (badness 10000) in paragraph at lines 132--133
[]\OT1/cmr/m/n/12 Pacchetto [][]\OT1/cmtt/m/n/12 connectivity 0.4.8+2[]\OT1/cmr
/m/n/12 . []$\OT1/cmtt/m/n/12 https : / / pub . dev / packages /
 []

[137]
Underfull \hbox (badness 10000) in paragraph at lines 135--136
[]\OT1/cmr/m/n/12 Future Mi-cro-task. []$\OT1/cmtt/m/n/12 https : / / www . woo
lha . com / tutorials /
 []


Underfull \hbox (badness 10000) in paragraph at lines 144--145
[]\OT1/cmr/m/n/12 L'abilit^^Ra di svilup-pare ap-pli-cazioni in Flut-
 []


Underfull \hbox (badness 10000) in paragraph at lines 144--145
\OT1/cmr/m/n/12 ter ^^Re la skill pi^^Ru richi-esta nell'ultimo pe-ri-odo.
 []


Underfull \hbox (badness 10000) in paragraph at lines 144--145
[]$\OT1/cmtt/m/n/12 https : / / learning . linkedin . com / blog / tech-[]tips 
/
 []


Overfull \hbox (23.90479pt too wide) in paragraph at lines 144--145
\OT1/cmtt/m/n/12 the-[]fastest-[]growing-[]skills-[]among-[]software-[]engineer
s-[]-[]and-[]how-[]to-[]$[]\OT1/cmr/m/n/12 ,
 []


Underfull \hbox (badness 2644) in paragraph at lines 147--148
[]\OT1/cmr/m/n/12 Interfacce im-plicite in Dart. []$\OT1/cmtt/m/n/12 https : / 
/ dart . dev / guides / language /
 []


Underfull \hbox (badness 10000) in paragraph at lines 150--151
[][][]\OT1/cmtt/m/n/12 AutomaticKeepAliveClientMixin[]\OT1/cmr/m/n/12 . []$\OT1
/cmtt/m/n/12 https : / / api . flutter . dev /
 []


Underfull \hbox (badness 10000) in paragraph at lines 150--151
\OT1/cmtt/m/n/12 flutter / widgets / AutomaticKeepAliveClientMixin-[]mixin . ht
ml$[]\OT1/cmr/m/n/12 ,
 []


Underfull \hbox (badness 10000) in paragraph at lines 153--154
[][][]\OT1/cmtt/m/n/12 AutomaticKeepAlive[]\OT1/cmr/m/n/12 . []$\OT1/cmtt/m/n/1
2 https : / / api . flutter . dev / flutter / widgets /
 []

)
Package atveryend Info: Empty hook `BeforeClearDocument' on input line 365.
 [138]
Package atveryend Info: Empty hook `AfterLastShipout' on input line 365.
 (./tesi.aux)
Package atveryend Info: Executing hook `AtVeryEndDocument' on input line 365.
Package atveryend Info: Executing hook `AtEndAfterFileList' on input line 365.
Package rerunfilecheck Info: File `tesi.out' has not changed.
(rerunfilecheck)             Checksum: 29A31536ED88550886DA2B063B2B5508;20279.


LaTeX Warning: There were multiply-defined labels.

 ) 
Here is how much of TeX's memory you used:
 30622 strings out of 492616
 515742 string characters out of 6129482
 717797 words of memory out of 5000000
 32803 multiletter control sequences out of 15000+600000
 546665 words of font info for 83 fonts, out of 8000000 for 9000
 1141 hyphenation exceptions out of 8191
 44i,12n,63p,2620b,3919s stack positions out of 5000i,500n,10000p,200000b,80000s
</usr/local/texlive/2019/texmf-dist/fonts/type1/public/amsfonts/cm/cmbx12.pfb
></usr/local/texlive/2019/texmf-dist/fonts/type1/public/amsfonts/cm/cmbxti10.pf
b></usr/local/texlive/2019/texmf-dist/fonts/type1/public/amsfonts/cm/cmitt10.pf
b></usr/local/texlive/2019/texmf-dist/fonts/type1/public/amsfonts/cm/cmmi12.pfb
></usr/local/texlive/2019/texmf-dist/fonts/type1/public/amsfonts/cm/cmr12.pfb><
/usr/local/texlive/2019/texmf-dist/fonts/type1/public/amsfonts/cm/cmr17.pfb></u
sr/local/texlive/2019/texmf-dist/fonts/type1/public/amsfonts/cm/cmr6.pfb></usr/
local/texlive/2019/texmf-dist/fonts/type1/public/amsfonts/cm/cmss12.pfb></usr/l
ocal/texlive/2019/texmf-dist/fonts/type1/public/amsfonts/cm/cmss17.pfb></usr/lo
cal/texlive/2019/texmf-dist/fonts/type1/public/amsfonts/cm/cmsy10.pfb></usr/loc
al/texlive/2019/texmf-dist/fonts/type1/public/amsfonts/cm/cmti12.pfb></usr/loca
l/texlive/2019/texmf-dist/fonts/type1/public/amsfonts/cm/cmtt12.pfb>
Output written on tesi.pdf (150 pages, 15011047 bytes).
PDF statistics:
 2979 PDF objects out of 2984 (max. 8388607)
 1359 named destinations out of 1440 (max. 500000)
 1285 words of extra memory for PDF output out of 10000 (max. 10000000)

