\BOOKMARK [0][-]{chapter*.1}{\376\377\000I\000n\000t\000r\000o\000d\000u\000z\000i\000o\000n\000e}{}% 1
\BOOKMARK [0][-]{chapter*.3}{\376\377\000E\000l\000e\000n\000c\000o\000\040\000d\000e\000l\000l\000e\000\040\000f\000i\000g\000u\000r\000e}{}% 2
\BOOKMARK [0][-]{chapter.1}{\376\377\000I\000n\000t\000r\000o\000d\000u\000z\000i\000o\000n\000e\000\040\000a\000l\000\040\000c\000o\000n\000t\000e\000s\000t\000o\000\040\000d\000i\000\040\000a\000p\000p\000l\000i\000c\000a\000z\000i\000o\000n\000e\000\040\000d\000e\000l\000\040\000p\000r\000o\000g\000e\000t\000t\000o}{}% 3
\BOOKMARK [1][-]{section.1.1}{\376\377\000C\000o\000n\000c\000e\000t\000t\000o\000\040\000b\000a\000s\000e\000\040\000d\000e\000l\000l\000a\000\040\000r\000e\000g\000a\000t\000a}{chapter.1}% 4
\BOOKMARK [1][-]{section.1.2}{\376\377\000R\000e\000g\000a\000t\000a\000\040\000c\000o\000s\000t\000i\000e\000r\000a}{chapter.1}% 5
\BOOKMARK [1][-]{section.1.3}{\376\377\000B\000a\000r\000c\000a\000\040\000a\000\040\000v\000e\000l\000a}{chapter.1}% 6
\BOOKMARK [0][-]{chapter.2}{\376\377\000A\000r\000c\000h\000i\000t\000e\000t\000t\000u\000r\000a\000\040\000h\000a\000r\000d\000w\000a\000r\000e\000\040\000e\000\040\000s\000o\000f\000t\000w\000a\000r\000e}{}% 7
\BOOKMARK [1][-]{section.2.1}{\376\377\000H\000a\000r\000d\000w\000a\000r\000e}{chapter.2}% 8
\BOOKMARK [2][-]{subsection.2.1.1}{\376\377\000P\000r\000e\000m\000e\000s\000s\000a}{section.2.1}% 9
\BOOKMARK [2][-]{subsection.2.1.2}{\376\377\000R\000a\000s\000p\000b\000e\000r\000r\000y}{section.2.1}% 10
\BOOKMARK [2][-]{subsection.2.1.3}{\376\377\000R\000i\000c\000e\000v\000i\000t\000o\000r\000e\000\040\000G\000P\000S}{section.2.1}% 11
\BOOKMARK [1][-]{section.2.2}{\376\377\000S\000o\000f\000t\000w\000a\000r\000e}{chapter.2}% 12
\BOOKMARK [2][-]{subsection.2.2.1}{\376\377\000M\000o\000d\000e\000l\000l\000o\000\040\000a\000r\000c\000h\000i\000t\000e\000t\000t\000u\000r\000a\000l\000e}{section.2.2}% 13
\BOOKMARK [2][-]{subsection.2.2.2}{\376\377\000F\000u\000n\000z\000i\000o\000n\000a\000l\000i\000t\000\340\000\040\000i\000m\000p\000l\000e\000m\000e\000n\000t\000a\000t\000e\000\040\000d\000a\000l\000\040\000s\000e\000r\000v\000e\000r}{section.2.2}% 14
\BOOKMARK [2][-]{subsection.2.2.3}{\376\377\000A\000r\000g\000o\000s}{section.2.2}% 15
\BOOKMARK [2][-]{subsection.2.2.4}{\376\377\000N\000e\000p\000t\000u\000n\000e}{section.2.2}% 16
\BOOKMARK [0][-]{chapter.3}{\376\377\000C\000l\000a\000s\000s\000i\000f\000i\000c\000a\000z\000i\000o\000n\000e\000\040\000d\000e\000l\000l\000e\000\040\000a\000p\000p\000l\000i\000c\000a\000z\000i\000o\000n\000i\000\040\000m\000o\000b\000i\000l\000i}{}% 17
\BOOKMARK [1][-]{section.3.1}{\376\377\000I\000n\000t\000r\000o\000d\000u\000z\000i\000o\000n\000e}{chapter.3}% 18
\BOOKMARK [1][-]{section.3.2}{\376\377\000N\000a\000t\000i\000v\000e}{chapter.3}% 19
\BOOKMARK [1][-]{section.3.3}{\376\377\000W\000e\000b\000\040\000A\000p\000p}{chapter.3}% 20
\BOOKMARK [1][-]{section.3.4}{\376\377\000P\000r\000o\000g\000r\000e\000s\000s\000i\000v\000e\000\040\000W\000e\000b\000\040\000A\000p\000p}{chapter.3}% 21
\BOOKMARK [1][-]{section.3.5}{\376\377\000H\000y\000b\000r\000i\000d}{chapter.3}% 22
\BOOKMARK [1][-]{section.3.6}{\376\377\000C\000r\000o\000s\000s\000-\000P\000l\000a\000t\000f\000o\000r\000m}{chapter.3}% 23
\BOOKMARK [1][-]{section.3.7}{\376\377\000C\000o\000n\000s\000i\000d\000e\000r\000a\000z\000i\000o\000n\000i}{chapter.3}% 24
\BOOKMARK [1][-]{section.3.8}{\376\377\000C\000r\000i\000t\000e\000r\000i\000\040\000p\000e\000r\000\040\000l\000a\000\040\000s\000c\000e\000l\000t\000a\000\040\000d\000e\000l\000l\000'\000a\000p\000p\000r\000o\000c\000c\000i\000o\000\040\000d\000i\000\040\000s\000v\000i\000l\000u\000p\000p\000o}{chapter.3}% 25
\BOOKMARK [2][-]{subsection.3.8.1}{\376\377\000R\000i\000s\000o\000r\000s\000e\000\040\000e\000c\000o\000n\000o\000m\000i\000c\000h\000e\000\040\000a\000\040\000d\000i\000s\000p\000o\000s\000i\000z\000i\000o\000n\000e}{section.3.8}% 26
\BOOKMARK [2][-]{subsection.3.8.2}{\376\377\000T\000i\000m\000e\000-\000t\000o\000-\000m\000a\000r\000k\000e\000t\000\040\000e\000\040\000c\000o\000p\000e\000r\000t\000u\000r\000a\000\040\000d\000e\000l\000\040\000m\000e\000r\000c\000a\000t\000o\000\040\000\050\000r\000e\000a\000c\000h\000\051}{section.3.8}% 27
\BOOKMARK [2][-]{subsection.3.8.3}{\376\377\000P\000e\000r\000f\000o\000r\000m\000a\000n\000c\000e\000\040\000d\000e\000l\000l\000'\000a\000p\000p\000l\000i\000c\000a\000z\000i\000o\000n\000e}{section.3.8}% 28
\BOOKMARK [2][-]{subsection.3.8.4}{\376\377\000U\000s\000e\000r\000\040\000E\000x\000p\000e\000r\000i\000e\000n\000c\000e\000\040\000e\000\040\000i\000n\000t\000e\000r\000f\000a\000c\000c\000i\000a\000\040\000g\000r\000a\000f\000i\000c\000a}{section.3.8}% 29
\BOOKMARK [2][-]{subsection.3.8.5}{\376\377\000F\000u\000n\000z\000i\000o\000n\000a\000l\000i\000t\000\340}{section.3.8}% 30
\BOOKMARK [1][-]{section.3.9}{\376\377\000M\000o\000t\000i\000v\000a\000z\000i\000o\000n\000e\000\040\000d\000e\000l\000l\000a\000\040\000s\000c\000e\000l\000t\000a\000\040\000d\000i\000\040\000u\000n\000\040\000f\000r\000a\000m\000e\000w\000o\000r\000k\000\040\000c\000r\000o\000s\000s\000-\000p\000l\000a\000t\000f\000o\000r\000m}{chapter.3}% 31
\BOOKMARK [0][-]{chapter.4}{\376\377\000D\000a\000r\000t}{}% 32
\BOOKMARK [1][-]{section.4.1}{\376\377\000I\000n\000t\000r\000o\000d\000u\000z\000i\000o\000n\000e\000\040\000a\000l\000\040\000l\000i\000n\000g\000u\000a\000g\000g\000i\000o}{chapter.4}% 33
\BOOKMARK [1][-]{section.4.2}{\376\377\000P\000a\000r\000a\000d\000i\000g\000m\000i}{chapter.4}% 34
\BOOKMARK [2][-]{subsection.4.2.1}{\376\377\000P\000r\000o\000g\000r\000a\000m\000m\000a\000z\000i\000o\000n\000e\000\040\000r\000e\000a\000t\000t\000i\000v\000a}{section.4.2}% 35
\BOOKMARK [2][-]{subsection.4.2.2}{\376\377\000V\000a\000n\000t\000a\000g\000g\000i\000\040\000e\000\040\000s\000v\000a\000n\000t\000a\000g\000g\000i\000\040\000d\000e\000l\000l\000a\000\040\000p\000r\000o\000g\000r\000a\000m\000m\000a\000z\000i\000o\000n\000e\000\040\000r\000e\000a\000t\000t\000i\000v\000a}{section.4.2}% 36
\BOOKMARK [1][-]{section.4.3}{\376\377\000C\000o\000m\000p\000i\000l\000a\000z\000i\000o\000n\000e\000\040\000e\000d\000\040\000e\000s\000e\000c\000u\000z\000i\000o\000n\000e}{chapter.4}% 37
\BOOKMARK [2][-]{subsection.4.3.1}{\376\377\000C\000r\000i\000t\000e\000r\000i\000\040\000p\000e\000r\000\040\000l\000a\000\040\000c\000l\000a\000s\000s\000i\000f\000i\000c\000a\000z\000i\000o\000n\000e\000\040\000d\000e\000i\000\040\000l\000i\000n\000g\000u\000a\000g\000g\000i\000\040\000d\000i\000\040\000p\000r\000o\000g\000r\000a\000m\000m\000a\000z\000i\000o\000n\000e}{section.4.3}% 38
\BOOKMARK [2][-]{subsection.4.3.2}{\376\377\000T\000i\000p\000i\000z\000z\000a\000z\000i\000o\000n\000e}{section.4.3}% 39
\BOOKMARK [2][-]{subsection.4.3.3}{\376\377\000C\000o\000m\000p\000i\000l\000a\000z\000i\000o\000n\000e\000\040\000e\000d\000\040\000e\000s\000e\000c\000u\000z\000i\000o\000n\000e\000\040\000d\000e\000l\000\040\000c\000o\000d\000i\000c\000e}{section.4.3}% 40
\BOOKMARK [2][-]{subsection.4.3.4}{\376\377\000C\000o\000m\000p\000i\000l\000a\000t\000o\000r\000i\000\040\000e\000d\000\040\000i\000n\000t\000e\000r\000p\000r\000e\000t\000i}{section.4.3}% 41
\BOOKMARK [2][-]{subsection.4.3.5}{\376\377\000D\000a\000r\000t\000V\000M}{section.4.3}% 42
\BOOKMARK [1][-]{section.4.4}{\376\377\000P\000r\000i\000n\000c\000i\000p\000a\000l\000i\000\040\000c\000a\000r\000a\000t\000t\000e\000r\000i\000s\000t\000i\000c\000h\000e}{chapter.4}% 43
\BOOKMARK [2][-]{subsection.4.4.1}{\376\377\000I\000s\000o\000l\000a\000t\000e}{section.4.4}% 44
\BOOKMARK [2][-]{subsection.4.4.2}{\376\377\000E\000v\000e\000n\000t\000\040\000L\000o\000o\000p}{section.4.4}% 45
\BOOKMARK [2][-]{subsection.4.4.3}{\376\377\000F\000u\000t\000u\000r\000e}{section.4.4}% 46
\BOOKMARK [2][-]{subsection.4.4.4}{\376\377\000A\000s\000y\000n\000c\000\040\000e\000\040\000a\000w\000a\000i\000t}{section.4.4}% 47
\BOOKMARK [2][-]{subsection.4.4.5}{\376\377\000S\000t\000r\000e\000a\000m}{section.4.4}% 48
\BOOKMARK [2][-]{subsection.4.4.6}{\376\377\000d\000y\000n\000a\000m\000i\000c}{section.4.4}% 49
\BOOKMARK [2][-]{subsection.4.4.7}{\376\377\000G\000e\000s\000t\000o\000r\000e\000\040\000d\000e\000i\000\040\000p\000a\000c\000c\000h\000e\000t\000t\000i}{section.4.4}% 50
\BOOKMARK [1][-]{section.4.5}{\376\377\000F\000a\000m\000i\000l\000i\000a\000r\000i\000t\000\340\000\040\000d\000e\000l\000l\000a\000\040\000s\000i\000n\000t\000a\000s\000s\000i}{chapter.4}% 51
\BOOKMARK [1][-]{section.4.6}{\376\377\000C\000o\000n\000f\000r\000o\000n\000t\000o\000\040\000c\000o\000n\000\040\000J\000a\000v\000a\000S\000c\000r\000i\000p\000t}{chapter.4}% 52
\BOOKMARK [2][-]{subsection.4.6.1}{\376\377\000I\000n\000t\000r\000o\000d\000u\000z\000i\000o\000n\000e\000\040\000a\000\040\000J\000a\000v\000a\000S\000c\000r\000i\000p\000t}{section.4.6}% 53
\BOOKMARK [2][-]{subsection.4.6.2}{\376\377\000C\000o\000n\000f\000r\000o\000n\000t\000o}{section.4.6}% 54
\BOOKMARK [0][-]{chapter.5}{\376\377\000F\000l\000u\000t\000t\000e\000r}{}% 55
\BOOKMARK [1][-]{section.5.1}{\376\377\000I\000n\000t\000r\000o\000d\000u\000z\000i\000o\000n\000e}{chapter.5}% 56
\BOOKMARK [1][-]{section.5.2}{\376\377\000S\000t\000r\000u\000t\000t\000u\000r\000a\000\040\000d\000e\000l\000\040\000f\000r\000a\000m\000e\000w\000o\000r\000k}{chapter.5}% 57
\BOOKMARK [2][-]{subsection.5.2.1}{\376\377\000S\000k\000i\000a}{section.5.2}% 58
\BOOKMARK [1][-]{section.5.3}{\376\377\000W\000i\000d\000g\000e\000t}{chapter.5}% 59
\BOOKMARK [2][-]{subsection.5.3.1}{\376\377\000C\000l\000a\000s\000s\000i\000f\000i\000c\000a\000z\000i\000o\000n\000e\000\040\000d\000e\000i\000\040\000W\000i\000d\000g\000e\000t}{section.5.3}% 60
\BOOKMARK [2][-]{subsection.5.3.2}{\376\377\000C\000o\000s\000t\000r\000u\000z\000i\000o\000n\000e\000\040\000d\000e\000i\000\040\000W\000i\000d\000g\000e\000t}{section.5.3}% 61
\BOOKMARK [1][-]{section.5.4}{\376\377\000S\000t\000a\000t\000e\000\040\000M\000a\000n\000a\000g\000e\000m\000e\000n\000t}{chapter.5}% 62
\BOOKMARK [2][-]{subsection.5.4.1}{\376\377\000s\000e\000t\000S\000t\000a\000t\000e}{section.5.4}% 63
\BOOKMARK [2][-]{subsection.5.4.2}{\376\377\000I\000n\000h\000e\000r\000i\000t\000e\000d\000W\000i\000d\000g\000e\000t}{section.5.4}% 64
\BOOKMARK [2][-]{subsection.5.4.3}{\376\377\000S\000c\000o\000p\000e\000d\000\040\000M\000o\000d\000e\000l}{section.5.4}% 65
\BOOKMARK [2][-]{subsection.5.4.4}{\376\377\000R\000e\000d\000u\000x}{section.5.4}% 66
\BOOKMARK [2][-]{subsection.5.4.5}{\376\377\000P\000r\000o\000v\000i\000d\000e\000r\000\040\000e\000\040\000B\000L\000o\000C}{section.5.4}% 67
\BOOKMARK [1][-]{section.5.5}{\376\377\000H\000o\000t\000\040\000R\000e\000l\000o\000a\000d}{chapter.5}% 68
\BOOKMARK [1][-]{section.5.6}{\376\377\000F\000u\000c\000h\000s\000i\000a}{chapter.5}% 69
\BOOKMARK [1][-]{section.5.7}{\376\377\000C\000i\000c\000l\000o\000\040\000d\000i\000\040\000v\000i\000t\000a\000\040\000d\000e\000l\000l\000e\000\040\000a\000p\000p\000l\000i\000c\000a\000z\000i\000o\000n\000i}{chapter.5}% 70
\BOOKMARK [1][-]{section.5.8}{\376\377\000P\000a\000c\000c\000h\000e\000t\000t\000i}{chapter.5}% 71
\BOOKMARK [1][-]{section.5.9}{\376\377\000V\000a\000n\000t\000a\000g\000g\000i\000\040\000e\000\040\000s\000v\000a\000n\000t\000a\000g\000g\000i\000\040\000d\000i\000\040\000F\000l\000u\000t\000t\000e\000r}{chapter.5}% 72
\BOOKMARK [1][-]{section.5.10}{\376\377\000C\000o\000n\000f\000r\000o\000n\000t\000o\000\040\000c\000o\000n\000\040\000R\000e\000a\000c\000t\000\040\000N\000a\000t\000i\000v\000e}{chapter.5}% 73
\BOOKMARK [2][-]{subsection.5.10.1}{\376\377\000I\000n\000t\000r\000o\000d\000u\000z\000i\000o\000n\000e\000\040\000a\000\040\000R\000e\000a\000c\000t\000\040\000N\000a\000t\000i\000v\000e}{section.5.10}% 74
\BOOKMARK [2][-]{subsection.5.10.2}{\376\377\000C\000o\000n\000f\000r\000o\000n\000t\000o}{section.5.10}% 75
\BOOKMARK [0][-]{chapter.6}{\376\377\000S\000v\000i\000l\000u\000p\000p\000o\000\040\000d\000e\000l\000l\000'\000a\000p\000p\000l\000i\000c\000a\000z\000i\000o\000n\000e}{}% 76
\BOOKMARK [1][-]{section.6.1}{\376\377\000R\000e\000q\000u\000i\000s\000i\000t\000i}{chapter.6}% 77
\BOOKMARK [1][-]{section.6.2}{\376\377\000A\000r\000c\000h\000i\000t\000e\000t\000t\000u\000r\000e\000\040\000u\000t\000i\000l\000i\000z\000z\000a\000t\000e}{chapter.6}% 78
\BOOKMARK [2][-]{subsection.6.2.1}{\376\377\000I\000n\000t\000r\000o\000d\000u\000z\000i\000o\000n\000e}{section.6.2}% 79
\BOOKMARK [2][-]{subsection.6.2.2}{\376\377\000S\000c\000e\000l\000t\000a\000\040\000d\000e\000l\000l\000'\000a\000r\000c\000h\000i\000t\000e\000t\000t\000u\000r\000a}{section.6.2}% 80
\BOOKMARK [2][-]{subsection.6.2.3}{\376\377\000P\000r\000o\000v\000i\000d\000e\000r}{section.6.2}% 81
\BOOKMARK [2][-]{subsection.6.2.4}{\376\377\000B\000L\000o\000C}{section.6.2}% 82
\BOOKMARK [2][-]{subsection.6.2.5}{\376\377\000M\000o\000t\000i\000v\000a\000z\000i\000o\000n\000i\000\040\000d\000e\000l\000l\000a\000\040\000s\000c\000e\000l\000t\000a}{section.6.2}% 83
\BOOKMARK [1][-]{section.6.3}{\376\377\000A\000r\000c\000h\000i\000t\000e\000t\000t\000u\000r\000a\000\040\000p\000r\000o\000p\000o\000s\000t\000a}{chapter.6}% 84
\BOOKMARK [2][-]{subsection.6.3.1}{\376\377\000P\000r\000o\000b\000l\000e\000m\000a\000t\000i\000c\000h\000e\000\040\000d\000e\000l\000\040\000p\000a\000t\000t\000e\000r\000n\000\040\000B\000L\000o\000C}{section.6.3}% 85
\BOOKMARK [2][-]{subsection.6.3.2}{\376\377\000I\000n\000t\000r\000o\000d\000u\000z\000i\000o\000n\000e\000\040\000d\000e\000l\000\040\000R\000e\000p\000o\000s\000i\000t\000o\000r\000y\000\040\000p\000a\000t\000t\000e\000r\000n}{section.6.3}% 86
\BOOKMARK [2][-]{subsection.6.3.3}{\376\377\000A\000r\000c\000h\000i\000t\000e\000t\000t\000u\000r\000a\000\040\000m\000o\000d\000i\000f\000i\000c\000a\000t\000a}{section.6.3}% 87
\BOOKMARK [1][-]{section.6.4}{\376\377\000A\000r\000c\000h\000i\000t\000e\000t\000t\000u\000r\000a\000\040\000i\000m\000p\000l\000e\000m\000e\000n\000t\000a\000t\000a}{chapter.6}% 88
\BOOKMARK [2][-]{subsection.6.4.1}{\376\377\000D\000e\000s\000c\000r\000i\000z\000i\000o\000n\000e}{section.6.4}% 89
\BOOKMARK [2][-]{subsection.6.4.2}{\376\377\000I\000n\000t\000e\000g\000r\000a\000z\000i\000o\000n\000e\000\040\000d\000e\000l\000\040\000R\000e\000p\000o\000s\000i\000t\000o\000r\000y}{section.6.4}% 90
\BOOKMARK [1][-]{section.6.5}{\376\377\000D\000e\000s\000c\000r\000i\000z\000i\000o\000n\000e\000\040\000d\000e\000t\000t\000a\000g\000l\000i\000a\000t\000a\000\040\000d\000e\000l\000l\000'\000a\000r\000c\000h\000i\000t\000e\000t\000t\000u\000r\000a\000\040\000i\000m\000p\000l\000e\000m\000e\000n\000t\000a\000t\000a}{chapter.6}% 91
\BOOKMARK [2][-]{subsection.6.5.1}{\376\377\000O\000r\000g\000a\000n\000i\000z\000z\000a\000z\000i\000o\000n\000e\000\040\000d\000e\000l\000l\000e\000\040\000c\000l\000a\000s\000s\000i\000\040\000e\000\040\000d\000e\000i\000\040\000p\000a\000c\000k\000a\000g\000e}{section.6.5}% 92
\BOOKMARK [2][-]{subsection.6.5.2}{\376\377\000M\000o\000d\000e\000l\000l\000i}{section.6.5}% 93
\BOOKMARK [2][-]{subsection.6.5.3}{\376\377\000S\000o\000c\000k\000e\000t}{section.6.5}% 94
\BOOKMARK [2][-]{subsection.6.5.4}{\376\377\000R\000e\000p\000o\000s\000i\000t\000o\000r\000y}{section.6.5}% 95
\BOOKMARK [2][-]{subsection.6.5.5}{\376\377\000B\000L\000o\000C}{section.6.5}% 96
\BOOKMARK [2][-]{subsection.6.5.6}{\376\377\000V\000i\000e\000w}{section.6.5}% 97
\BOOKMARK [2][-]{subsection.6.5.7}{\376\377\000W\000i\000d\000g\000e\000t\000\040\000c\000o\000m\000u\000n\000i}{section.6.5}% 98
\BOOKMARK [2][-]{subsection.6.5.8}{\376\377\000P\000a\000l\000e\000t\000t\000e\000\040\000d\000i\000\040\000c\000o\000l\000o\000r\000i}{section.6.5}% 99
\BOOKMARK [2][-]{subsection.6.5.9}{\376\377\000T\000e\000m\000i}{section.6.5}% 100
\BOOKMARK [2][-]{subsection.6.5.10}{\376\377\000M\000a\000i\000n}{section.6.5}% 101
\BOOKMARK [1][-]{section.6.6}{\376\377\000M\000o\000t\000i\000v\000a\000z\000i\000o\000n\000i\000\040\000d\000e\000l\000l\000e\000\040\000s\000c\000e\000l\000t\000e\000\040\000g\000r\000a\000f\000i\000c\000h\000e\000\040\000i\000m\000p\000l\000e\000m\000e\000n\000t\000a\000t\000e}{chapter.6}% 102
\BOOKMARK [2][-]{subsection.6.6.1}{\376\377\000C\000o\000n\000c\000e\000t\000t\000i\000\040\000g\000e\000n\000e\000r\000a\000l\000i}{section.6.6}% 103
\BOOKMARK [2][-]{subsection.6.6.2}{\376\377\000S\000c\000e\000l\000t\000e\000\040\000s\000t\000i\000l\000i\000s\000t\000i\000c\000h\000e\000\040\000a\000t\000t\000u\000a\000t\000e}{section.6.6}% 104
\BOOKMARK [1][-]{section.6.7}{\376\377\000O\000t\000t\000i\000m\000i\000z\000z\000a\000z\000i\000o\000n\000i}{chapter.6}% 105
\BOOKMARK [2][-]{subsection.6.7.1}{\376\377\000P\000r\000o\000v\000i\000d\000e\000r\000\040\000e\000\040\000S\000t\000r\000e\000a\000m\000B\000u\000i\000l\000d\000e\000r}{section.6.7}% 106
\BOOKMARK [2][-]{subsection.6.7.2}{\376\377\000A\000n\000n\000i\000d\000a\000m\000e\000n\000t\000o\000\040\000d\000e\000g\000l\000i\000\040\000S\000t\000r\000e\000a\000m\000B\000u\000i\000l\000d\000e\000r}{section.6.7}% 107
\BOOKMARK [2][-]{subsection.6.7.3}{\376\377\000O\000t\000t\000i\000m\000i\000z\000z\000a\000z\000i\000o\000n\000i\000\040\000g\000r\000a\000f\000i\000c\000h\000e}{section.6.7}% 108
\BOOKMARK [0][-]{chapter.7}{\376\377\000C\000o\000n\000c\000l\000u\000s\000i\000o\000n\000i}{}% 109
\BOOKMARK [1][-]{section.7.1}{\376\377\000S\000v\000i\000l\000u\000p\000p\000i\000\040\000f\000u\000t\000u\000r\000i}{chapter.7}% 110
\BOOKMARK [2][-]{subsection.7.1.1}{\376\377\000N\000o\000t\000i\000f\000i\000c\000h\000e\000\040\000p\000u\000s\000h}{section.7.1}% 111
\BOOKMARK [2][-]{subsection.7.1.2}{\376\377\000G\000r\000a\000f\000i\000c\000i\000\040\000e\000\040\000s\000c\000h\000e\000r\000m\000a\000t\000e\000\040\000d\000e\000d\000i\000c\000a\000t\000e\000\040\000a\000i\000\040\000d\000a\000t\000i}{section.7.1}% 112
\BOOKMARK [2][-]{subsection.7.1.3}{\376\377\000A\000g\000g\000i\000u\000n\000t\000a\000\040\000d\000i\000\040\000c\000o\000m\000p\000o\000n\000e\000n\000t\000i\000\040\000g\000r\000a\000f\000i\000c\000h\000e}{section.7.1}% 113
\BOOKMARK [2][-]{subsection.7.1.4}{\376\377\000I\000n\000t\000r\000o\000d\000u\000z\000i\000o\000n\000e\000\040\000d\000i\000\040\000n\000u\000o\000v\000i\000\040\000t\000e\000m\000i}{section.7.1}% 114
\BOOKMARK [2][-]{subsection.7.1.5}{\376\377\000A\000u\000t\000e\000n\000t\000i\000c\000a\000z\000i\000o\000n\000e\000\040\000d\000e\000g\000l\000i\000\040\000u\000t\000e\000n\000t\000i}{section.7.1}% 115
\BOOKMARK [1][-]{section.7.2}{\376\377\000C\000o\000n\000s\000i\000d\000e\000r\000a\000z\000i\000o\000n\000i\000\040\000s\000u\000l\000l\000'\000a\000p\000p\000r\000o\000c\000c\000i\000o\000\040\000c\000r\000o\000s\000s\000-\000p\000l\000a\000t\000f\000o\000r\000m}{chapter.7}% 116
\BOOKMARK [1][-]{section.7.3}{\376\377\000C\000o\000n\000s\000i\000d\000e\000r\000a\000z\000i\000o\000n\000i\000\040\000s\000u\000\040\000D\000a\000r\000t}{chapter.7}% 117
\BOOKMARK [1][-]{section.7.4}{\376\377\000C\000o\000n\000s\000i\000d\000e\000r\000a\000z\000i\000o\000n\000i\000\040\000s\000u\000\040\000F\000l\000u\000t\000t\000e\000r}{chapter.7}% 118
\BOOKMARK [1][-]{section.7.5}{\376\377\000C\000o\000n\000s\000i\000d\000e\000r\000a\000z\000i\000o\000n\000i\000\040\000p\000e\000r\000s\000o\000n\000a\000l\000i}{chapter.7}% 119
\BOOKMARK [2][-]{subsection.7.5.1}{\376\377\000S\000c\000e\000l\000t\000a\000\040\000d\000e\000l\000\040\000f\000r\000a\000m\000e\000w\000o\000r\000k}{section.7.5}% 120
\BOOKMARK [2][-]{subsection.7.5.2}{\376\377\000P\000r\000o\000g\000e\000t\000t\000a\000z\000i\000o\000n\000e\000\040\000e\000\040\000s\000v\000i\000l\000u\000p\000p\000o\000\040\000d\000e\000l\000l\000'\000a\000p\000p\000l\000i\000c\000a\000z\000i\000o\000n\000e}{section.7.5}% 121
\BOOKMARK [0][-]{appendix.Alph1}{\376\377\000C\000l\000a\000s\000s\000i\000\040\000e\000d\000\040\000i\000n\000t\000e\000r\000f\000a\000c\000c\000e\000\040\000i\000n\000\040\000D\000a\000r\000t}{}% 122
\BOOKMARK [0][-]{appendix.Alph2}{\376\377\000A\000u\000t\000o\000m\000a\000t\000i\000c\000K\000e\000e\000p\000A\000l\000i\000v\000e\000C\000l\000i\000e\000n\000t\000M\000i\000x\000i\000n}{}% 123
\BOOKMARK [0][-]{appendix*.63}{\376\377\000B\000i\000b\000l\000i\000o\000g\000r\000a\000f\000i\000a}{}% 124
